2017-08-15 13:54:46 NetClient.java 96 [ nioEventLoopGroup-2-1:437 ] - [ INFO ]  receive the callback message and the result is 1 , connectServerStartTime 2017-08-15 13:51:29
2017-08-15 13:55:47 BaseApp.java 142 [ Actor-ping:61090 ] - [ INFO ]  totalMemory :  243 MB
2017-08-15 13:55:47 BaseApp.java 143 [ Actor-ping:61091 ] - [ INFO ]  maxMemory :  3612 MB
2017-08-15 13:55:47 BaseApp.java 144 [ Actor-ping:61091 ] - [ INFO ]  freeMemory  :  214 MB
2017-08-15 13:55:47 BaseApp.java 145 [ Actor-ping:61091 ] - [ INFO ]  usedMemory  :  29 MB
2017-08-15 13:56:47 BaseApp.java 142 [ Actor-ping:121085 ] - [ INFO ]  totalMemory :  243 MB
2017-08-15 13:56:47 BaseApp.java 143 [ Actor-ping:121085 ] - [ INFO ]  maxMemory :  3612 MB
2017-08-15 13:56:47 BaseApp.java 144 [ Actor-ping:121085 ] - [ INFO ]  freeMemory  :  214 MB
2017-08-15 13:56:47 BaseApp.java 145 [ Actor-ping:121087 ] - [ INFO ]  usedMemory  :  29 MB
2017-08-15 13:56:47 BaseApp.java 87 [ Actor-ping:121088 ] - [ INFO ]  database yc_log :total created connection : 20
total free connection : 20
total leased connection : 0

2017-08-15 13:56:47 BaseApp.java 82 [ Actor-ping:121088 ] - [ INFO ]  Actor-ping=2
Actor-Dispatcher-log_save-0=0|Actor-Dispatcher-log_save-1=0|Actor-Dispatcher-log_save-2=0|Actor-Dispatcher-log_save-3=0|Actor-Dispatcher-log_save-4=0|Actor-Dispatcher-log_save-5=0|Actor-Dispatcher-log_save-6=0|Actor-Dispatcher-log_save-7=0|Actor-Dispatcher-log_save-8=0|Actor-Dispatcher-log_save-9=0|Actor-Dispatcher-log_save-10=0|Actor-Dispatcher-log_save-11=0|Actor-Dispatcher-log_save-12=0|Actor-Dispatcher-log_save-13=0|Actor-Dispatcher-log_save-14=0|Actor-Dispatcher-log_save-15=0|

2017-08-15 13:57:47 BaseApp.java 142 [ Actor-ping:181084 ] - [ INFO ]  totalMemory :  243 MB
2017-08-15 13:57:47 BaseApp.java 143 [ Actor-ping:181084 ] - [ INFO ]  maxMemory :  3612 MB
2017-08-15 13:57:47 BaseApp.java 144 [ Actor-ping:181085 ] - [ INFO ]  freeMemory  :  214 MB
2017-08-15 13:57:47 BaseApp.java 145 [ Actor-ping:181085 ] - [ INFO ]  usedMemory  :  29 MB
2017-08-15 13:58:47 BaseApp.java 142 [ Actor-ping:241085 ] - [ INFO ]  totalMemory :  243 MB
2017-08-15 13:58:47 BaseApp.java 143 [ Actor-ping:241085 ] - [ INFO ]  maxMemory :  3612 MB
2017-08-15 13:58:47 BaseApp.java 144 [ Actor-ping:241085 ] - [ INFO ]  freeMemory  :  214 MB
2017-08-15 13:58:47 BaseApp.java 145 [ Actor-ping:241086 ] - [ INFO ]  usedMemory  :  29 MB
2017-08-15 13:58:47 BaseApp.java 87 [ Actor-ping:241086 ] - [ INFO ]  database yc_log :total created connection : 20
total free connection : 20
total leased connection : 0

2017-08-15 13:58:47 BaseApp.java 82 [ Actor-ping:241087 ] - [ INFO ]  Actor-ping=2
Actor-Dispatcher-log_save-0=0|Actor-Dispatcher-log_save-1=0|Actor-Dispatcher-log_save-2=0|Actor-Dispatcher-log_save-3=0|Actor-Dispatcher-log_save-4=0|Actor-Dispatcher-log_save-5=0|Actor-Dispatcher-log_save-6=0|Actor-Dispatcher-log_save-7=0|Actor-Dispatcher-log_save-8=0|Actor-Dispatcher-log_save-9=0|Actor-Dispatcher-log_save-10=0|Actor-Dispatcher-log_save-11=0|Actor-Dispatcher-log_save-12=0|Actor-Dispatcher-log_save-13=0|Actor-Dispatcher-log_save-14=0|Actor-Dispatcher-log_save-15=0|

2017-08-15 13:59:47 BaseApp.java 142 [ Actor-ping:301085 ] - [ INFO ]  totalMemory :  243 MB
2017-08-15 13:59:47 BaseApp.java 143 [ Actor-ping:301085 ] - [ INFO ]  maxMemory :  3612 MB
2017-08-15 13:59:47 BaseApp.java 144 [ Actor-ping:301085 ] - [ INFO ]  freeMemory  :  214 MB
2017-08-15 13:59:47 BaseApp.java 145 [ Actor-ping:301085 ] - [ INFO ]  usedMemory  :  29 MB
2017-08-15 14:00:47 BaseApp.java 142 [ Actor-ping:361084 ] - [ INFO ]  totalMemory :  243 MB
2017-08-15 14:00:47 BaseApp.java 143 [ Actor-ping:361084 ] - [ INFO ]  maxMemory :  3612 MB
2017-08-15 14:00:47 BaseApp.java 144 [ Actor-ping:361084 ] - [ INFO ]  freeMemory  :  214 MB
2017-08-15 14:00:47 BaseApp.java 145 [ Actor-ping:361084 ] - [ INFO ]  usedMemory  :  29 MB
2017-08-15 14:00:47 BaseApp.java 87 [ Actor-ping:361086 ] - [ INFO ]  database yc_log :total created connection : 20
total free connection : 20
total leased connection : 0

2017-08-15 14:00:47 BaseApp.java 82 [ Actor-ping:361086 ] - [ INFO ]  Actor-ping=2
Actor-Dispatcher-log_save-0=0|Actor-Dispatcher-log_save-1=0|Actor-Dispatcher-log_save-2=0|Actor-Dispatcher-log_save-3=0|Actor-Dispatcher-log_save-4=0|Actor-Dispatcher-log_save-5=0|Actor-Dispatcher-log_save-6=0|Actor-Dispatcher-log_save-7=0|Actor-Dispatcher-log_save-8=0|Actor-Dispatcher-log_save-9=0|Actor-Dispatcher-log_save-10=0|Actor-Dispatcher-log_save-11=0|Actor-Dispatcher-log_save-12=0|Actor-Dispatcher-log_save-13=0|Actor-Dispatcher-log_save-14=0|Actor-Dispatcher-log_save-15=0|

2017-08-15 14:01:47 BaseApp.java 142 [ Actor-ping:421084 ] - [ INFO ]  totalMemory :  243 MB
2017-08-15 14:01:47 BaseApp.java 143 [ Actor-ping:421084 ] - [ INFO ]  maxMemory :  3612 MB
2017-08-15 14:01:47 BaseApp.java 144 [ Actor-ping:421085 ] - [ INFO ]  freeMemory  :  214 MB
2017-08-15 14:01:47 BaseApp.java 145 [ Actor-ping:421085 ] - [ INFO ]  usedMemory  :  29 MB
2017-08-15 14:02:47 BaseApp.java 142 [ Actor-ping:481085 ] - [ INFO ]  totalMemory :  243 MB
2017-08-15 14:02:47 BaseApp.java 143 [ Actor-ping:481085 ] - [ INFO ]  maxMemory :  3612 MB
2017-08-15 14:02:47 BaseApp.java 144 [ Actor-ping:481085 ] - [ INFO ]  freeMemory  :  214 MB
2017-08-15 14:02:47 BaseApp.java 145 [ Actor-ping:481085 ] - [ INFO ]  usedMemory  :  29 MB
2017-08-15 14:02:47 BaseApp.java 87 [ Actor-ping:481087 ] - [ INFO ]  database yc_log :total created connection : 20
total free connection : 20
total leased connection : 0

2017-08-15 14:02:47 BaseApp.java 82 [ Actor-ping:481087 ] - [ INFO ]  Actor-ping=2
Actor-Dispatcher-log_save-0=0|Actor-Dispatcher-log_save-1=0|Actor-Dispatcher-log_save-2=0|Actor-Dispatcher-log_save-3=0|Actor-Dispatcher-log_save-4=0|Actor-Dispatcher-log_save-5=0|Actor-Dispatcher-log_save-6=0|Actor-Dispatcher-log_save-7=0|Actor-Dispatcher-log_save-8=0|Actor-Dispatcher-log_save-9=0|Actor-Dispatcher-log_save-10=0|Actor-Dispatcher-log_save-11=0|Actor-Dispatcher-log_save-12=0|Actor-Dispatcher-log_save-13=0|Actor-Dispatcher-log_save-14=0|Actor-Dispatcher-log_save-15=0|

2017-08-15 14:03:47 BaseApp.java 142 [ Actor-ping:541084 ] - [ INFO ]  totalMemory :  243 MB
2017-08-15 14:03:47 BaseApp.java 143 [ Actor-ping:541084 ] - [ INFO ]  maxMemory :  3612 MB
2017-08-15 14:03:47 BaseApp.java 144 [ Actor-ping:541084 ] - [ INFO ]  freeMemory  :  214 MB
2017-08-15 14:03:47 BaseApp.java 145 [ Actor-ping:541084 ] - [ INFO ]  usedMemory  :  29 MB
2017-08-15 14:04:47 BaseApp.java 142 [ Actor-ping:601085 ] - [ INFO ]  totalMemory :  243 MB
2017-08-15 14:04:47 BaseApp.java 143 [ Actor-ping:601086 ] - [ INFO ]  maxMemory :  3612 MB
2017-08-15 14:04:47 BaseApp.java 144 [ Actor-ping:601086 ] - [ INFO ]  freeMemory  :  214 MB
2017-08-15 14:04:47 BaseApp.java 145 [ Actor-ping:601086 ] - [ INFO ]  usedMemory  :  29 MB
2017-08-15 14:04:47 BaseApp.java 87 [ Actor-ping:601087 ] - [ INFO ]  database yc_log :total created connection : 20
total free connection : 20
total leased connection : 0

2017-08-15 14:04:47 BaseApp.java 82 [ Actor-ping:601087 ] - [ INFO ]  Actor-ping=2
Actor-Dispatcher-log_save-0=0|Actor-Dispatcher-log_save-1=0|Actor-Dispatcher-log_save-2=0|Actor-Dispatcher-log_save-3=0|Actor-Dispatcher-log_save-4=0|Actor-Dispatcher-log_save-5=0|Actor-Dispatcher-log_save-6=0|Actor-Dispatcher-log_save-7=0|Actor-Dispatcher-log_save-8=0|Actor-Dispatcher-log_save-9=0|Actor-Dispatcher-log_save-10=0|Actor-Dispatcher-log_save-11=0|Actor-Dispatcher-log_save-12=0|Actor-Dispatcher-log_save-13=0|Actor-Dispatcher-log_save-14=0|Actor-Dispatcher-log_save-15=0|

2017-08-15 14:05:47 BaseApp.java 142 [ Actor-ping:661085 ] - [ INFO ]  totalMemory :  243 MB
2017-08-15 14:05:47 BaseApp.java 143 [ Actor-ping:661085 ] - [ INFO ]  maxMemory :  3612 MB
2017-08-15 14:05:47 BaseApp.java 144 [ Actor-ping:661085 ] - [ INFO ]  freeMemory  :  214 MB
2017-08-15 14:05:47 BaseApp.java 145 [ Actor-ping:661085 ] - [ INFO ]  usedMemory  :  29 MB
2017-08-15 14:06:47 BaseApp.java 142 [ Actor-ping:721085 ] - [ INFO ]  totalMemory :  243 MB
2017-08-15 14:06:47 BaseApp.java 143 [ Actor-ping:721085 ] - [ INFO ]  maxMemory :  3612 MB
2017-08-15 14:06:47 BaseApp.java 144 [ Actor-ping:721086 ] - [ INFO ]  freeMemory  :  214 MB
2017-08-15 14:06:47 BaseApp.java 145 [ Actor-ping:721086 ] - [ INFO ]  usedMemory  :  29 MB
2017-08-15 14:06:47 BaseApp.java 87 [ Actor-ping:721087 ] - [ INFO ]  database yc_log :total created connection : 20
total free connection : 20
total leased connection : 0

2017-08-15 14:06:47 BaseApp.java 82 [ Actor-ping:721088 ] - [ INFO ]  Actor-ping=2
Actor-Dispatcher-log_save-0=0|Actor-Dispatcher-log_save-1=0|Actor-Dispatcher-log_save-2=0|Actor-Dispatcher-log_save-3=0|Actor-Dispatcher-log_save-4=0|Actor-Dispatcher-log_save-5=0|Actor-Dispatcher-log_save-6=0|Actor-Dispatcher-log_save-7=0|Actor-Dispatcher-log_save-8=0|Actor-Dispatcher-log_save-9=0|Actor-Dispatcher-log_save-10=0|Actor-Dispatcher-log_save-11=0|Actor-Dispatcher-log_save-12=0|Actor-Dispatcher-log_save-13=0|Actor-Dispatcher-log_save-14=0|Actor-Dispatcher-log_save-15=0|

2017-08-15 14:07:47 BaseApp.java 142 [ Actor-ping:781085 ] - [ INFO ]  totalMemory :  243 MB
2017-08-15 14:07:47 BaseApp.java 143 [ Actor-ping:781085 ] - [ INFO ]  maxMemory :  3612 MB
2017-08-15 14:07:47 BaseApp.java 144 [ Actor-ping:781085 ] - [ INFO ]  freeMemory  :  214 MB
2017-08-15 14:07:47 BaseApp.java 145 [ Actor-ping:781085 ] - [ INFO ]  usedMemory  :  29 MB
2017-08-15 14:08:47 BaseApp.java 142 [ Actor-ping:841085 ] - [ INFO ]  totalMemory :  243 MB
2017-08-15 14:08:47 BaseApp.java 143 [ Actor-ping:841085 ] - [ INFO ]  maxMemory :  3612 MB
2017-08-15 14:08:47 BaseApp.java 144 [ Actor-ping:841085 ] - [ INFO ]  freeMemory  :  214 MB
2017-08-15 14:08:47 BaseApp.java 145 [ Actor-ping:841085 ] - [ INFO ]  usedMemory  :  29 MB
2017-08-15 14:08:47 BaseApp.java 87 [ Actor-ping:841086 ] - [ INFO ]  database yc_log :total created connection : 20
total free connection : 20
total leased connection : 0

2017-08-15 14:08:47 BaseApp.java 82 [ Actor-ping:841086 ] - [ INFO ]  Actor-ping=2
Actor-Dispatcher-log_save-0=0|Actor-Dispatcher-log_save-1=0|Actor-Dispatcher-log_save-2=0|Actor-Dispatcher-log_save-3=0|Actor-Dispatcher-log_save-4=0|Actor-Dispatcher-log_save-5=0|Actor-Dispatcher-log_save-6=0|Actor-Dispatcher-log_save-7=0|Actor-Dispatcher-log_save-8=0|Actor-Dispatcher-log_save-9=0|Actor-Dispatcher-log_save-10=0|Actor-Dispatcher-log_save-11=0|Actor-Dispatcher-log_save-12=0|Actor-Dispatcher-log_save-13=0|Actor-Dispatcher-log_save-14=0|Actor-Dispatcher-log_save-15=0|

2017-08-15 14:09:47 BaseApp.java 142 [ Actor-ping:901085 ] - [ INFO ]  totalMemory :  243 MB
2017-08-15 14:09:47 BaseApp.java 143 [ Actor-ping:901085 ] - [ INFO ]  maxMemory :  3612 MB
2017-08-15 14:09:47 BaseApp.java 144 [ Actor-ping:901085 ] - [ INFO ]  freeMemory  :  213 MB
2017-08-15 14:09:47 BaseApp.java 145 [ Actor-ping:901085 ] - [ INFO ]  usedMemory  :  30 MB
2017-08-15 14:10:47 BaseApp.java 142 [ Actor-ping:961085 ] - [ INFO ]  totalMemory :  243 MB
2017-08-15 14:10:47 BaseApp.java 143 [ Actor-ping:961085 ] - [ INFO ]  maxMemory :  3612 MB
2017-08-15 14:10:47 BaseApp.java 144 [ Actor-ping:961085 ] - [ INFO ]  freeMemory  :  213 MB
2017-08-15 14:10:47 BaseApp.java 145 [ Actor-ping:961085 ] - [ INFO ]  usedMemory  :  30 MB
2017-08-15 14:10:47 BaseApp.java 87 [ Actor-ping:961086 ] - [ INFO ]  database yc_log :total created connection : 20
total free connection : 20
total leased connection : 0

2017-08-15 14:10:47 BaseApp.java 82 [ Actor-ping:961086 ] - [ INFO ]  Actor-ping=2
Actor-Dispatcher-log_save-0=0|Actor-Dispatcher-log_save-1=0|Actor-Dispatcher-log_save-2=0|Actor-Dispatcher-log_save-3=0|Actor-Dispatcher-log_save-4=0|Actor-Dispatcher-log_save-5=0|Actor-Dispatcher-log_save-6=0|Actor-Dispatcher-log_save-7=0|Actor-Dispatcher-log_save-8=0|Actor-Dispatcher-log_save-9=0|Actor-Dispatcher-log_save-10=0|Actor-Dispatcher-log_save-11=0|Actor-Dispatcher-log_save-12=0|Actor-Dispatcher-log_save-13=0|Actor-Dispatcher-log_save-14=0|Actor-Dispatcher-log_save-15=0|

2017-08-15 14:11:47 BaseApp.java 142 [ Actor-ping:1021085 ] - [ INFO ]  totalMemory :  243 MB
2017-08-15 14:11:47 BaseApp.java 143 [ Actor-ping:1021085 ] - [ INFO ]  maxMemory :  3612 MB
2017-08-15 14:11:47 BaseApp.java 144 [ Actor-ping:1021085 ] - [ INFO ]  freeMemory  :  213 MB
2017-08-15 14:11:47 BaseApp.java 145 [ Actor-ping:1021085 ] - [ INFO ]  usedMemory  :  30 MB
2017-08-15 14:12:47 BaseApp.java 142 [ Actor-ping:1081084 ] - [ INFO ]  totalMemory :  243 MB
2017-08-15 14:12:47 BaseApp.java 143 [ Actor-ping:1081084 ] - [ INFO ]  maxMemory :  3612 MB
2017-08-15 14:12:47 BaseApp.java 144 [ Actor-ping:1081085 ] - [ INFO ]  freeMemory  :  213 MB
2017-08-15 14:12:47 BaseApp.java 145 [ Actor-ping:1081085 ] - [ INFO ]  usedMemory  :  30 MB
2017-08-15 14:12:47 BaseApp.java 87 [ Actor-ping:1081086 ] - [ INFO ]  database yc_log :total created connection : 20
total free connection : 20
total leased connection : 0

2017-08-15 14:12:47 BaseApp.java 82 [ Actor-ping:1081087 ] - [ INFO ]  Actor-ping=2
Actor-Dispatcher-log_save-0=0|Actor-Dispatcher-log_save-1=0|Actor-Dispatcher-log_save-2=0|Actor-Dispatcher-log_save-3=0|Actor-Dispatcher-log_save-4=0|Actor-Dispatcher-log_save-5=0|Actor-Dispatcher-log_save-6=0|Actor-Dispatcher-log_save-7=0|Actor-Dispatcher-log_save-8=0|Actor-Dispatcher-log_save-9=0|Actor-Dispatcher-log_save-10=0|Actor-Dispatcher-log_save-11=0|Actor-Dispatcher-log_save-12=0|Actor-Dispatcher-log_save-13=0|Actor-Dispatcher-log_save-14=0|Actor-Dispatcher-log_save-15=0|

2017-08-15 14:13:47 BaseApp.java 142 [ Actor-ping:1141086 ] - [ INFO ]  totalMemory :  243 MB
2017-08-15 14:13:47 BaseApp.java 143 [ Actor-ping:1141086 ] - [ INFO ]  maxMemory :  3612 MB
2017-08-15 14:13:47 BaseApp.java 144 [ Actor-ping:1141086 ] - [ INFO ]  freeMemory  :  213 MB
2017-08-15 14:13:47 BaseApp.java 145 [ Actor-ping:1141086 ] - [ INFO ]  usedMemory  :  30 MB
2017-08-15 14:14:47 BaseApp.java 142 [ Actor-ping:1201085 ] - [ INFO ]  totalMemory :  243 MB
2017-08-15 14:14:47 BaseApp.java 143 [ Actor-ping:1201085 ] - [ INFO ]  maxMemory :  3612 MB
2017-08-15 14:14:47 BaseApp.java 144 [ Actor-ping:1201085 ] - [ INFO ]  freeMemory  :  213 MB
2017-08-15 14:14:47 BaseApp.java 145 [ Actor-ping:1201085 ] - [ INFO ]  usedMemory  :  30 MB
2017-08-15 14:14:47 BaseApp.java 87 [ Actor-ping:1201086 ] - [ INFO ]  database yc_log :total created connection : 20
total free connection : 20
total leased connection : 0

2017-08-15 14:14:47 BaseApp.java 82 [ Actor-ping:1201087 ] - [ INFO ]  Actor-ping=2
Actor-Dispatcher-log_save-0=0|Actor-Dispatcher-log_save-1=0|Actor-Dispatcher-log_save-2=0|Actor-Dispatcher-log_save-3=0|Actor-Dispatcher-log_save-4=0|Actor-Dispatcher-log_save-5=0|Actor-Dispatcher-log_save-6=0|Actor-Dispatcher-log_save-7=0|Actor-Dispatcher-log_save-8=0|Actor-Dispatcher-log_save-9=0|Actor-Dispatcher-log_save-10=0|Actor-Dispatcher-log_save-11=0|Actor-Dispatcher-log_save-12=0|Actor-Dispatcher-log_save-13=0|Actor-Dispatcher-log_save-14=0|Actor-Dispatcher-log_save-15=0|

2017-08-15 14:15:47 BaseApp.java 142 [ Actor-ping:1261084 ] - [ INFO ]  totalMemory :  243 MB
2017-08-15 14:15:47 BaseApp.java 143 [ Actor-ping:1261084 ] - [ INFO ]  maxMemory :  3612 MB
2017-08-15 14:15:47 BaseApp.java 144 [ Actor-ping:1261084 ] - [ INFO ]  freeMemory  :  213 MB
2017-08-15 14:15:47 BaseApp.java 145 [ Actor-ping:1261084 ] - [ INFO ]  usedMemory  :  30 MB
2017-08-15 14:16:47 BaseApp.java 142 [ Actor-ping:1321085 ] - [ INFO ]  totalMemory :  243 MB
2017-08-15 14:16:47 BaseApp.java 143 [ Actor-ping:1321085 ] - [ INFO ]  maxMemory :  3612 MB
2017-08-15 14:16:47 BaseApp.java 144 [ Actor-ping:1321085 ] - [ INFO ]  freeMemory  :  213 MB
2017-08-15 14:16:47 BaseApp.java 145 [ Actor-ping:1321085 ] - [ INFO ]  usedMemory  :  30 MB
2017-08-15 14:16:47 BaseApp.java 87 [ Actor-ping:1321086 ] - [ INFO ]  database yc_log :total created connection : 20
total free connection : 20
total leased connection : 0

2017-08-15 14:16:47 BaseApp.java 82 [ Actor-ping:1321087 ] - [ INFO ]  Actor-ping=2
Actor-Dispatcher-log_save-0=0|Actor-Dispatcher-log_save-1=0|Actor-Dispatcher-log_save-2=0|Actor-Dispatcher-log_save-3=0|Actor-Dispatcher-log_save-4=0|Actor-Dispatcher-log_save-5=0|Actor-Dispatcher-log_save-6=0|Actor-Dispatcher-log_save-7=0|Actor-Dispatcher-log_save-8=0|Actor-Dispatcher-log_save-9=0|Actor-Dispatcher-log_save-10=0|Actor-Dispatcher-log_save-11=0|Actor-Dispatcher-log_save-12=0|Actor-Dispatcher-log_save-13=0|Actor-Dispatcher-log_save-14=0|Actor-Dispatcher-log_save-15=0|

2017-08-15 14:17:47 BaseApp.java 142 [ Actor-ping:1381085 ] - [ INFO ]  totalMemory :  243 MB
2017-08-15 14:17:47 BaseApp.java 143 [ Actor-ping:1381085 ] - [ INFO ]  maxMemory :  3612 MB
2017-08-15 14:17:47 BaseApp.java 144 [ Actor-ping:1381085 ] - [ INFO ]  freeMemory  :  213 MB
2017-08-15 14:17:47 BaseApp.java 145 [ Actor-ping:1381085 ] - [ INFO ]  usedMemory  :  30 MB
2017-08-15 14:18:47 BaseApp.java 87 [ Actor-ping:1441086 ] - [ INFO ]  database yc_log :total created connection : 20
total free connection : 20
total leased connection : 0

2017-08-15 14:18:47 BaseApp.java 82 [ Actor-ping:1441086 ] - [ INFO ]  Actor-ping=2
Actor-Dispatcher-log_save-0=0|Actor-Dispatcher-log_save-1=0|Actor-Dispatcher-log_save-2=0|Actor-Dispatcher-log_save-3=0|Actor-Dispatcher-log_save-4=0|Actor-Dispatcher-log_save-5=0|Actor-Dispatcher-log_save-6=0|Actor-Dispatcher-log_save-7=0|Actor-Dispatcher-log_save-8=0|Actor-Dispatcher-log_save-9=0|Actor-Dispatcher-log_save-10=0|Actor-Dispatcher-log_save-11=0|Actor-Dispatcher-log_save-12=0|Actor-Dispatcher-log_save-13=0|Actor-Dispatcher-log_save-14=0|Actor-Dispatcher-log_save-15=0|

2017-08-15 14:18:47 BaseApp.java 142 [ Actor-ping:1441087 ] - [ INFO ]  totalMemory :  243 MB
2017-08-15 14:18:47 BaseApp.java 143 [ Actor-ping:1441087 ] - [ INFO ]  maxMemory :  3612 MB
2017-08-15 14:18:47 BaseApp.java 144 [ Actor-ping:1441087 ] - [ INFO ]  freeMemory  :  213 MB
2017-08-15 14:18:47 BaseApp.java 145 [ Actor-ping:1441087 ] - [ INFO ]  usedMemory  :  30 MB
2017-08-15 14:19:47 BaseApp.java 142 [ Actor-ping:1501085 ] - [ INFO ]  totalMemory :  243 MB
2017-08-15 14:19:47 BaseApp.java 143 [ Actor-ping:1501086 ] - [ INFO ]  maxMemory :  3612 MB
2017-08-15 14:19:47 BaseApp.java 144 [ Actor-ping:1501086 ] - [ INFO ]  freeMemory  :  213 MB
2017-08-15 14:19:47 BaseApp.java 145 [ Actor-ping:1501086 ] - [ INFO ]  usedMemory  :  30 MB
2017-08-15 14:20:08 ClientHandler.java 47 [ nioEventLoopGroup-2-1:1522158 ] - [ ERROR ]   error : {}
java.io.IOException: 远程主机强迫关闭了一个现有的连接。
	at sun.nio.ch.SocketDispatcher.read0(Native Method)
	at sun.nio.ch.SocketDispatcher.read(SocketDispatcher.java:43)
	at sun.nio.ch.IOUtil.readIntoNativeBuffer(IOUtil.java:223)
	at sun.nio.ch.IOUtil.read(IOUtil.java:192)
	at sun.nio.ch.SocketChannelImpl.read(SocketChannelImpl.java:380)
	at io.netty.buffer.UnpooledUnsafeDirectByteBuf.setBytes(UnpooledUnsafeDirectByteBuf.java:357)
	at io.netty.buffer.AbstractByteBuf.writeBytes(AbstractByteBuf.java:898)
	at io.netty.channel.socket.nio.NioSocketChannel.doReadBytes(NioSocketChannel.java:242)
	at io.netty.channel.nio.AbstractNioByteChannel$NioByteUnsafe.read(AbstractNioByteChannel.java:119)
	at io.netty.channel.nio.NioEventLoop.processSelectedKey(NioEventLoop.java:511)
	at io.netty.channel.nio.NioEventLoop.processSelectedKeysOptimized(NioEventLoop.java:468)
	at io.netty.channel.nio.NioEventLoop.processSelectedKeys(NioEventLoop.java:382)
	at io.netty.channel.nio.NioEventLoop.run(NioEventLoop.java:354)
	at io.netty.util.concurrent.SingleThreadEventExecutor$2.run(SingleThreadEventExecutor.java:112)
	at io.netty.util.concurrent.DefaultThreadFactory$DefaultRunnableDecorator.run(DefaultThreadFactory.java:137)
	at java.lang.Thread.run(Thread.java:745)
2017-08-15 14:20:08 ClientHandler.java 32 [ nioEventLoopGroup-2-1:1522162 ] - [ INFO ]   channel in active 
2017-08-15 14:20:08 NetClient.java 110 [ nioEventLoopGroup-2-1:1522163 ] - [ ERROR ]  LOG,serverId=1与center连接断开,5秒后准备重连.
2017-08-15 14:20:14 NetClient.java 166 [ nioEventLoopGroup-2-2:1528168 ] - [ INFO ]   connect to the server un success and reconnect 5 sec later 
2017-08-15 14:20:32 NetClient.java 96 [ nioEventLoopGroup-2-1:508 ] - [ INFO ]  receive the callback message and the result is 1 , connectServerStartTime 2017-08-15 14:20:17
2017-08-15 14:21:33 BaseApp.java 142 [ Actor-ping:61193 ] - [ INFO ]  totalMemory :  243 MB
2017-08-15 14:21:33 BaseApp.java 143 [ Actor-ping:61193 ] - [ INFO ]  maxMemory :  3612 MB
2017-08-15 14:21:33 BaseApp.java 144 [ Actor-ping:61194 ] - [ INFO ]  freeMemory  :  214 MB
2017-08-15 14:21:33 BaseApp.java 145 [ Actor-ping:61194 ] - [ INFO ]  usedMemory  :  29 MB
2017-08-15 14:22:33 BaseApp.java 142 [ Actor-ping:121193 ] - [ INFO ]  totalMemory :  243 MB
2017-08-15 14:22:33 BaseApp.java 143 [ Actor-ping:121193 ] - [ INFO ]  maxMemory :  3612 MB
2017-08-15 14:22:33 BaseApp.java 144 [ Actor-ping:121194 ] - [ INFO ]  freeMemory  :  214 MB
2017-08-15 14:22:33 BaseApp.java 145 [ Actor-ping:121194 ] - [ INFO ]  usedMemory  :  29 MB
2017-08-15 14:22:33 BaseApp.java 87 [ Actor-ping:121195 ] - [ INFO ]  database yc_log :total created connection : 20
total free connection : 20
total leased connection : 0

2017-08-15 14:22:33 BaseApp.java 82 [ Actor-ping:121196 ] - [ INFO ]  Actor-ping=1
Actor-Dispatcher-log_save-0=0|Actor-Dispatcher-log_save-1=0|Actor-Dispatcher-log_save-2=0|Actor-Dispatcher-log_save-3=0|Actor-Dispatcher-log_save-4=0|Actor-Dispatcher-log_save-5=0|Actor-Dispatcher-log_save-6=0|Actor-Dispatcher-log_save-7=0|Actor-Dispatcher-log_save-8=0|Actor-Dispatcher-log_save-9=0|Actor-Dispatcher-log_save-10=0|Actor-Dispatcher-log_save-11=0|Actor-Dispatcher-log_save-12=0|Actor-Dispatcher-log_save-13=0|Actor-Dispatcher-log_save-14=0|Actor-Dispatcher-log_save-15=0|

2017-08-15 14:23:33 BaseApp.java 142 [ Actor-ping:181194 ] - [ INFO ]  totalMemory :  243 MB
2017-08-15 14:23:33 BaseApp.java 143 [ Actor-ping:181194 ] - [ INFO ]  maxMemory :  3612 MB
2017-08-15 14:23:33 BaseApp.java 144 [ Actor-ping:181194 ] - [ INFO ]  freeMemory  :  214 MB
2017-08-15 14:23:33 BaseApp.java 145 [ Actor-ping:181194 ] - [ INFO ]  usedMemory  :  29 MB
2017-08-15 14:24:33 BaseApp.java 142 [ Actor-ping:241193 ] - [ INFO ]  totalMemory :  243 MB
2017-08-15 14:24:33 BaseApp.java 143 [ Actor-ping:241193 ] - [ INFO ]  maxMemory :  3612 MB
2017-08-15 14:24:33 BaseApp.java 144 [ Actor-ping:241193 ] - [ INFO ]  freeMemory  :  214 MB
2017-08-15 14:24:33 BaseApp.java 145 [ Actor-ping:241193 ] - [ INFO ]  usedMemory  :  29 MB
2017-08-15 14:24:33 BaseApp.java 87 [ Actor-ping:241195 ] - [ INFO ]  database yc_log :total created connection : 20
total free connection : 20
total leased connection : 0

2017-08-15 14:24:33 BaseApp.java 82 [ Actor-ping:241195 ] - [ INFO ]  Actor-ping=2
Actor-Dispatcher-log_save-0=0|Actor-Dispatcher-log_save-1=0|Actor-Dispatcher-log_save-2=0|Actor-Dispatcher-log_save-3=0|Actor-Dispatcher-log_save-4=0|Actor-Dispatcher-log_save-5=0|Actor-Dispatcher-log_save-6=0|Actor-Dispatcher-log_save-7=0|Actor-Dispatcher-log_save-8=0|Actor-Dispatcher-log_save-9=0|Actor-Dispatcher-log_save-10=0|Actor-Dispatcher-log_save-11=0|Actor-Dispatcher-log_save-12=0|Actor-Dispatcher-log_save-13=0|Actor-Dispatcher-log_save-14=0|Actor-Dispatcher-log_save-15=0|

2017-08-15 14:25:33 BaseApp.java 142 [ Actor-ping:301193 ] - [ INFO ]  totalMemory :  243 MB
2017-08-15 14:25:33 BaseApp.java 143 [ Actor-ping:301193 ] - [ INFO ]  maxMemory :  3612 MB
2017-08-15 14:25:33 BaseApp.java 144 [ Actor-ping:301193 ] - [ INFO ]  freeMemory  :  214 MB
2017-08-15 14:25:33 BaseApp.java 145 [ Actor-ping:301193 ] - [ INFO ]  usedMemory  :  29 MB
2017-08-15 14:26:33 BaseApp.java 142 [ Actor-ping:361193 ] - [ INFO ]  totalMemory :  243 MB
2017-08-15 14:26:33 BaseApp.java 143 [ Actor-ping:361193 ] - [ INFO ]  maxMemory :  3612 MB
2017-08-15 14:26:33 BaseApp.java 144 [ Actor-ping:361193 ] - [ INFO ]  freeMemory  :  214 MB
2017-08-15 14:26:33 BaseApp.java 145 [ Actor-ping:361193 ] - [ INFO ]  usedMemory  :  29 MB
2017-08-15 14:26:33 BaseApp.java 87 [ Actor-ping:361195 ] - [ INFO ]  database yc_log :total created connection : 20
total free connection : 20
total leased connection : 0

2017-08-15 14:26:33 BaseApp.java 82 [ Actor-ping:361195 ] - [ INFO ]  Actor-ping=2
Actor-Dispatcher-log_save-0=0|Actor-Dispatcher-log_save-1=0|Actor-Dispatcher-log_save-2=0|Actor-Dispatcher-log_save-3=0|Actor-Dispatcher-log_save-4=0|Actor-Dispatcher-log_save-5=0|Actor-Dispatcher-log_save-6=0|Actor-Dispatcher-log_save-7=0|Actor-Dispatcher-log_save-8=0|Actor-Dispatcher-log_save-9=0|Actor-Dispatcher-log_save-10=0|Actor-Dispatcher-log_save-11=0|Actor-Dispatcher-log_save-12=0|Actor-Dispatcher-log_save-13=0|Actor-Dispatcher-log_save-14=0|Actor-Dispatcher-log_save-15=0|

2017-08-15 14:27:33 BaseApp.java 142 [ Actor-ping:421194 ] - [ INFO ]  totalMemory :  243 MB
2017-08-15 14:27:33 BaseApp.java 143 [ Actor-ping:421194 ] - [ INFO ]  maxMemory :  3612 MB
2017-08-15 14:27:33 BaseApp.java 144 [ Actor-ping:421194 ] - [ INFO ]  freeMemory  :  214 MB
2017-08-15 14:27:33 BaseApp.java 145 [ Actor-ping:421194 ] - [ INFO ]  usedMemory  :  29 MB
2017-08-15 14:28:33 BaseApp.java 142 [ Actor-ping:481193 ] - [ INFO ]  totalMemory :  243 MB
2017-08-15 14:28:33 BaseApp.java 143 [ Actor-ping:481193 ] - [ INFO ]  maxMemory :  3612 MB
2017-08-15 14:28:33 BaseApp.java 144 [ Actor-ping:481193 ] - [ INFO ]  freeMemory  :  214 MB
2017-08-15 14:28:33 BaseApp.java 145 [ Actor-ping:481193 ] - [ INFO ]  usedMemory  :  29 MB
2017-08-15 14:28:33 BaseApp.java 87 [ Actor-ping:481195 ] - [ INFO ]  database yc_log :total created connection : 20
total free connection : 20
total leased connection : 0

2017-08-15 14:28:33 BaseApp.java 82 [ Actor-ping:481195 ] - [ INFO ]  Actor-ping=2
Actor-Dispatcher-log_save-0=0|Actor-Dispatcher-log_save-1=0|Actor-Dispatcher-log_save-2=0|Actor-Dispatcher-log_save-3=0|Actor-Dispatcher-log_save-4=0|Actor-Dispatcher-log_save-5=0|Actor-Dispatcher-log_save-6=0|Actor-Dispatcher-log_save-7=0|Actor-Dispatcher-log_save-8=0|Actor-Dispatcher-log_save-9=0|Actor-Dispatcher-log_save-10=0|Actor-Dispatcher-log_save-11=0|Actor-Dispatcher-log_save-12=0|Actor-Dispatcher-log_save-13=0|Actor-Dispatcher-log_save-14=0|Actor-Dispatcher-log_save-15=0|

2017-08-15 14:29:33 BaseApp.java 142 [ Actor-ping:541193 ] - [ INFO ]  totalMemory :  243 MB
2017-08-15 14:29:33 BaseApp.java 143 [ Actor-ping:541193 ] - [ INFO ]  maxMemory :  3612 MB
2017-08-15 14:29:33 BaseApp.java 144 [ Actor-ping:541193 ] - [ INFO ]  freeMemory  :  214 MB
2017-08-15 14:29:33 BaseApp.java 145 [ Actor-ping:541193 ] - [ INFO ]  usedMemory  :  29 MB
2017-08-15 14:30:33 BaseApp.java 142 [ Actor-ping:601193 ] - [ INFO ]  totalMemory :  243 MB
2017-08-15 14:30:33 BaseApp.java 143 [ Actor-ping:601193 ] - [ INFO ]  maxMemory :  3612 MB
2017-08-15 14:30:33 BaseApp.java 144 [ Actor-ping:601194 ] - [ INFO ]  freeMemory  :  214 MB
2017-08-15 14:30:33 BaseApp.java 145 [ Actor-ping:601194 ] - [ INFO ]  usedMemory  :  29 MB
2017-08-15 14:30:33 BaseApp.java 87 [ Actor-ping:601196 ] - [ INFO ]  database yc_log :total created connection : 20
total free connection : 20
total leased connection : 0

2017-08-15 14:30:33 BaseApp.java 82 [ Actor-ping:601197 ] - [ INFO ]  Actor-ping=2
Actor-Dispatcher-log_save-0=0|Actor-Dispatcher-log_save-1=0|Actor-Dispatcher-log_save-2=0|Actor-Dispatcher-log_save-3=0|Actor-Dispatcher-log_save-4=0|Actor-Dispatcher-log_save-5=0|Actor-Dispatcher-log_save-6=0|Actor-Dispatcher-log_save-7=0|Actor-Dispatcher-log_save-8=0|Actor-Dispatcher-log_save-9=0|Actor-Dispatcher-log_save-10=0|Actor-Dispatcher-log_save-11=0|Actor-Dispatcher-log_save-12=0|Actor-Dispatcher-log_save-13=0|Actor-Dispatcher-log_save-14=0|Actor-Dispatcher-log_save-15=0|

2017-08-15 14:31:33 BaseApp.java 142 [ Actor-ping:661194 ] - [ INFO ]  totalMemory :  243 MB
2017-08-15 14:31:33 BaseApp.java 143 [ Actor-ping:661194 ] - [ INFO ]  maxMemory :  3612 MB
2017-08-15 14:31:33 BaseApp.java 144 [ Actor-ping:661194 ] - [ INFO ]  freeMemory  :  214 MB
2017-08-15 14:31:33 BaseApp.java 145 [ Actor-ping:661194 ] - [ INFO ]  usedMemory  :  29 MB
2017-08-15 14:32:33 BaseApp.java 142 [ Actor-ping:721193 ] - [ INFO ]  totalMemory :  243 MB
2017-08-15 14:32:33 BaseApp.java 143 [ Actor-ping:721194 ] - [ INFO ]  maxMemory :  3612 MB
2017-08-15 14:32:33 BaseApp.java 144 [ Actor-ping:721194 ] - [ INFO ]  freeMemory  :  214 MB
2017-08-15 14:32:33 BaseApp.java 145 [ Actor-ping:721194 ] - [ INFO ]  usedMemory  :  29 MB
2017-08-15 14:32:33 BaseApp.java 87 [ Actor-ping:721195 ] - [ INFO ]  database yc_log :total created connection : 20
total free connection : 20
total leased connection : 0

2017-08-15 14:32:33 BaseApp.java 82 [ Actor-ping:721195 ] - [ INFO ]  Actor-ping=2
Actor-Dispatcher-log_save-0=0|Actor-Dispatcher-log_save-1=0|Actor-Dispatcher-log_save-2=0|Actor-Dispatcher-log_save-3=0|Actor-Dispatcher-log_save-4=0|Actor-Dispatcher-log_save-5=0|Actor-Dispatcher-log_save-6=0|Actor-Dispatcher-log_save-7=0|Actor-Dispatcher-log_save-8=0|Actor-Dispatcher-log_save-9=0|Actor-Dispatcher-log_save-10=0|Actor-Dispatcher-log_save-11=0|Actor-Dispatcher-log_save-12=0|Actor-Dispatcher-log_save-13=0|Actor-Dispatcher-log_save-14=0|Actor-Dispatcher-log_save-15=0|

2017-08-15 14:33:33 BaseApp.java 142 [ Actor-ping:781193 ] - [ INFO ]  totalMemory :  243 MB
2017-08-15 14:33:33 BaseApp.java 143 [ Actor-ping:781193 ] - [ INFO ]  maxMemory :  3612 MB
2017-08-15 14:33:33 BaseApp.java 144 [ Actor-ping:781193 ] - [ INFO ]  freeMemory  :  214 MB
2017-08-15 14:33:33 BaseApp.java 145 [ Actor-ping:781193 ] - [ INFO ]  usedMemory  :  29 MB
2017-08-15 14:34:33 BaseApp.java 142 [ Actor-ping:841193 ] - [ INFO ]  totalMemory :  243 MB
2017-08-15 14:34:33 BaseApp.java 143 [ Actor-ping:841193 ] - [ INFO ]  maxMemory :  3612 MB
2017-08-15 14:34:33 BaseApp.java 144 [ Actor-ping:841193 ] - [ INFO ]  freeMemory  :  214 MB
2017-08-15 14:34:33 BaseApp.java 145 [ Actor-ping:841194 ] - [ INFO ]  usedMemory  :  29 MB
2017-08-15 14:34:33 BaseApp.java 87 [ Actor-ping:841195 ] - [ INFO ]  database yc_log :total created connection : 20
total free connection : 20
total leased connection : 0

2017-08-15 14:34:33 BaseApp.java 82 [ Actor-ping:841196 ] - [ INFO ]  Actor-ping=2
Actor-Dispatcher-log_save-0=0|Actor-Dispatcher-log_save-1=0|Actor-Dispatcher-log_save-2=0|Actor-Dispatcher-log_save-3=0|Actor-Dispatcher-log_save-4=0|Actor-Dispatcher-log_save-5=0|Actor-Dispatcher-log_save-6=0|Actor-Dispatcher-log_save-7=0|Actor-Dispatcher-log_save-8=0|Actor-Dispatcher-log_save-9=0|Actor-Dispatcher-log_save-10=0|Actor-Dispatcher-log_save-11=0|Actor-Dispatcher-log_save-12=0|Actor-Dispatcher-log_save-13=0|Actor-Dispatcher-log_save-14=0|Actor-Dispatcher-log_save-15=0|

2017-08-15 14:35:33 BaseApp.java 142 [ Actor-ping:901193 ] - [ INFO ]  totalMemory :  243 MB
2017-08-15 14:35:33 BaseApp.java 143 [ Actor-ping:901193 ] - [ INFO ]  maxMemory :  3612 MB
2017-08-15 14:35:33 BaseApp.java 144 [ Actor-ping:901193 ] - [ INFO ]  freeMemory  :  213 MB
2017-08-15 14:35:33 BaseApp.java 145 [ Actor-ping:901193 ] - [ INFO ]  usedMemory  :  30 MB
2017-08-15 14:36:33 BaseApp.java 142 [ Actor-ping:961193 ] - [ INFO ]  totalMemory :  243 MB
2017-08-15 14:36:33 BaseApp.java 143 [ Actor-ping:961193 ] - [ INFO ]  maxMemory :  3612 MB
2017-08-15 14:36:33 BaseApp.java 144 [ Actor-ping:961193 ] - [ INFO ]  freeMemory  :  213 MB
2017-08-15 14:36:33 BaseApp.java 145 [ Actor-ping:961193 ] - [ INFO ]  usedMemory  :  30 MB
2017-08-15 14:36:33 BaseApp.java 87 [ Actor-ping:961194 ] - [ INFO ]  database yc_log :total created connection : 20
total free connection : 20
total leased connection : 0

2017-08-15 14:36:33 BaseApp.java 82 [ Actor-ping:961195 ] - [ INFO ]  Actor-ping=2
Actor-Dispatcher-log_save-0=0|Actor-Dispatcher-log_save-1=0|Actor-Dispatcher-log_save-2=0|Actor-Dispatcher-log_save-3=0|Actor-Dispatcher-log_save-4=0|Actor-Dispatcher-log_save-5=0|Actor-Dispatcher-log_save-6=0|Actor-Dispatcher-log_save-7=0|Actor-Dispatcher-log_save-8=0|Actor-Dispatcher-log_save-9=0|Actor-Dispatcher-log_save-10=0|Actor-Dispatcher-log_save-11=0|Actor-Dispatcher-log_save-12=0|Actor-Dispatcher-log_save-13=0|Actor-Dispatcher-log_save-14=0|Actor-Dispatcher-log_save-15=0|

2017-08-15 14:37:33 BaseApp.java 142 [ Actor-ping:1021193 ] - [ INFO ]  totalMemory :  243 MB
2017-08-15 14:37:33 BaseApp.java 143 [ Actor-ping:1021193 ] - [ INFO ]  maxMemory :  3612 MB
2017-08-15 14:37:33 BaseApp.java 144 [ Actor-ping:1021193 ] - [ INFO ]  freeMemory  :  213 MB
2017-08-15 14:37:33 BaseApp.java 145 [ Actor-ping:1021193 ] - [ INFO ]  usedMemory  :  30 MB
2017-08-15 14:38:33 BaseApp.java 142 [ Actor-ping:1081193 ] - [ INFO ]  totalMemory :  243 MB
2017-08-15 14:38:33 BaseApp.java 143 [ Actor-ping:1081193 ] - [ INFO ]  maxMemory :  3612 MB
2017-08-15 14:38:33 BaseApp.java 144 [ Actor-ping:1081193 ] - [ INFO ]  freeMemory  :  213 MB
2017-08-15 14:38:33 BaseApp.java 145 [ Actor-ping:1081193 ] - [ INFO ]  usedMemory  :  30 MB
2017-08-15 14:38:33 BaseApp.java 87 [ Actor-ping:1081196 ] - [ INFO ]  database yc_log :total created connection : 20
total free connection : 20
total leased connection : 0

2017-08-15 14:38:33 BaseApp.java 82 [ Actor-ping:1081197 ] - [ INFO ]  Actor-ping=2
Actor-Dispatcher-log_save-0=0|Actor-Dispatcher-log_save-1=0|Actor-Dispatcher-log_save-2=0|Actor-Dispatcher-log_save-3=0|Actor-Dispatcher-log_save-4=0|Actor-Dispatcher-log_save-5=0|Actor-Dispatcher-log_save-6=0|Actor-Dispatcher-log_save-7=0|Actor-Dispatcher-log_save-8=0|Actor-Dispatcher-log_save-9=0|Actor-Dispatcher-log_save-10=0|Actor-Dispatcher-log_save-11=0|Actor-Dispatcher-log_save-12=0|Actor-Dispatcher-log_save-13=0|Actor-Dispatcher-log_save-14=0|Actor-Dispatcher-log_save-15=0|

2017-08-15 14:39:33 BaseApp.java 142 [ Actor-ping:1141194 ] - [ INFO ]  totalMemory :  243 MB
2017-08-15 14:39:33 BaseApp.java 143 [ Actor-ping:1141194 ] - [ INFO ]  maxMemory :  3612 MB
2017-08-15 14:39:33 BaseApp.java 144 [ Actor-ping:1141194 ] - [ INFO ]  freeMemory  :  213 MB
2017-08-15 14:39:33 BaseApp.java 145 [ Actor-ping:1141195 ] - [ INFO ]  usedMemory  :  30 MB
2017-08-15 14:40:33 BaseApp.java 142 [ Actor-ping:1201193 ] - [ INFO ]  totalMemory :  243 MB
2017-08-15 14:40:33 BaseApp.java 143 [ Actor-ping:1201193 ] - [ INFO ]  maxMemory :  3612 MB
2017-08-15 14:40:33 BaseApp.java 144 [ Actor-ping:1201193 ] - [ INFO ]  freeMemory  :  213 MB
2017-08-15 14:40:33 BaseApp.java 145 [ Actor-ping:1201193 ] - [ INFO ]  usedMemory  :  30 MB
2017-08-15 14:40:33 BaseApp.java 87 [ Actor-ping:1201195 ] - [ INFO ]  database yc_log :total created connection : 20
total free connection : 20
total leased connection : 0

2017-08-15 14:40:33 BaseApp.java 82 [ Actor-ping:1201195 ] - [ INFO ]  Actor-ping=2
Actor-Dispatcher-log_save-0=0|Actor-Dispatcher-log_save-1=0|Actor-Dispatcher-log_save-2=0|Actor-Dispatcher-log_save-3=0|Actor-Dispatcher-log_save-4=0|Actor-Dispatcher-log_save-5=0|Actor-Dispatcher-log_save-6=0|Actor-Dispatcher-log_save-7=0|Actor-Dispatcher-log_save-8=0|Actor-Dispatcher-log_save-9=0|Actor-Dispatcher-log_save-10=0|Actor-Dispatcher-log_save-11=0|Actor-Dispatcher-log_save-12=0|Actor-Dispatcher-log_save-13=0|Actor-Dispatcher-log_save-14=0|Actor-Dispatcher-log_save-15=0|

2017-08-15 14:41:33 BaseApp.java 142 [ Actor-ping:1261193 ] - [ INFO ]  totalMemory :  243 MB
2017-08-15 14:41:33 BaseApp.java 143 [ Actor-ping:1261193 ] - [ INFO ]  maxMemory :  3612 MB
2017-08-15 14:41:33 BaseApp.java 144 [ Actor-ping:1261194 ] - [ INFO ]  freeMemory  :  213 MB
2017-08-15 14:41:33 BaseApp.java 145 [ Actor-ping:1261194 ] - [ INFO ]  usedMemory  :  30 MB
2017-08-15 14:42:33 BaseApp.java 142 [ Actor-ping:1321193 ] - [ INFO ]  totalMemory :  243 MB
2017-08-15 14:42:33 BaseApp.java 143 [ Actor-ping:1321193 ] - [ INFO ]  maxMemory :  3612 MB
2017-08-15 14:42:33 BaseApp.java 144 [ Actor-ping:1321193 ] - [ INFO ]  freeMemory  :  213 MB
2017-08-15 14:42:33 BaseApp.java 145 [ Actor-ping:1321193 ] - [ INFO ]  usedMemory  :  30 MB
2017-08-15 14:42:33 BaseApp.java 87 [ Actor-ping:1321195 ] - [ INFO ]  database yc_log :total created connection : 20
total free connection : 20
total leased connection : 0

2017-08-15 14:42:33 BaseApp.java 82 [ Actor-ping:1321195 ] - [ INFO ]  Actor-ping=2
Actor-Dispatcher-log_save-0=0|Actor-Dispatcher-log_save-1=0|Actor-Dispatcher-log_save-2=0|Actor-Dispatcher-log_save-3=0|Actor-Dispatcher-log_save-4=0|Actor-Dispatcher-log_save-5=0|Actor-Dispatcher-log_save-6=0|Actor-Dispatcher-log_save-7=0|Actor-Dispatcher-log_save-8=0|Actor-Dispatcher-log_save-9=0|Actor-Dispatcher-log_save-10=0|Actor-Dispatcher-log_save-11=0|Actor-Dispatcher-log_save-12=0|Actor-Dispatcher-log_save-13=0|Actor-Dispatcher-log_save-14=0|Actor-Dispatcher-log_save-15=0|

2017-08-15 14:43:33 BaseApp.java 142 [ Actor-ping:1381193 ] - [ INFO ]  totalMemory :  243 MB
2017-08-15 14:43:33 BaseApp.java 143 [ Actor-ping:1381193 ] - [ INFO ]  maxMemory :  3612 MB
2017-08-15 14:43:33 BaseApp.java 144 [ Actor-ping:1381193 ] - [ INFO ]  freeMemory  :  213 MB
2017-08-15 14:43:33 BaseApp.java 145 [ Actor-ping:1381193 ] - [ INFO ]  usedMemory  :  30 MB
2017-08-15 14:44:33 BaseApp.java 142 [ Actor-ping:1441194 ] - [ INFO ]  totalMemory :  243 MB
2017-08-15 14:44:33 BaseApp.java 143 [ Actor-ping:1441194 ] - [ INFO ]  maxMemory :  3612 MB
2017-08-15 14:44:33 BaseApp.java 144 [ Actor-ping:1441195 ] - [ INFO ]  freeMemory  :  213 MB
2017-08-15 14:44:33 BaseApp.java 145 [ Actor-ping:1441196 ] - [ INFO ]  usedMemory  :  30 MB
2017-08-15 14:44:33 BaseApp.java 87 [ Actor-ping:1441198 ] - [ INFO ]  database yc_log :total created connection : 20
total free connection : 20
total leased connection : 0

2017-08-15 14:44:33 BaseApp.java 82 [ Actor-ping:1441199 ] - [ INFO ]  Actor-ping=2
Actor-Dispatcher-log_save-0=0|Actor-Dispatcher-log_save-1=0|Actor-Dispatcher-log_save-2=0|Actor-Dispatcher-log_save-3=0|Actor-Dispatcher-log_save-4=0|Actor-Dispatcher-log_save-5=0|Actor-Dispatcher-log_save-6=0|Actor-Dispatcher-log_save-7=0|Actor-Dispatcher-log_save-8=0|Actor-Dispatcher-log_save-9=0|Actor-Dispatcher-log_save-10=0|Actor-Dispatcher-log_save-11=0|Actor-Dispatcher-log_save-12=0|Actor-Dispatcher-log_save-13=0|Actor-Dispatcher-log_save-14=0|Actor-Dispatcher-log_save-15=0|

2017-08-15 14:45:13 ClientHandler.java 47 [ nioEventLoopGroup-2-1:1481103 ] - [ ERROR ]   error : {}
java.io.IOException: 远程主机强迫关闭了一个现有的连接。
	at sun.nio.ch.SocketDispatcher.read0(Native Method)
	at sun.nio.ch.SocketDispatcher.read(SocketDispatcher.java:43)
	at sun.nio.ch.IOUtil.readIntoNativeBuffer(IOUtil.java:223)
	at sun.nio.ch.IOUtil.read(IOUtil.java:192)
	at sun.nio.ch.SocketChannelImpl.read(SocketChannelImpl.java:380)
	at io.netty.buffer.UnpooledUnsafeDirectByteBuf.setBytes(UnpooledUnsafeDirectByteBuf.java:357)
	at io.netty.buffer.AbstractByteBuf.writeBytes(AbstractByteBuf.java:898)
	at io.netty.channel.socket.nio.NioSocketChannel.doReadBytes(NioSocketChannel.java:242)
	at io.netty.channel.nio.AbstractNioByteChannel$NioByteUnsafe.read(AbstractNioByteChannel.java:119)
	at io.netty.channel.nio.NioEventLoop.processSelectedKey(NioEventLoop.java:511)
	at io.netty.channel.nio.NioEventLoop.processSelectedKeysOptimized(NioEventLoop.java:468)
	at io.netty.channel.nio.NioEventLoop.processSelectedKeys(NioEventLoop.java:382)
	at io.netty.channel.nio.NioEventLoop.run(NioEventLoop.java:354)
	at io.netty.util.concurrent.SingleThreadEventExecutor$2.run(SingleThreadEventExecutor.java:112)
	at io.netty.util.concurrent.DefaultThreadFactory$DefaultRunnableDecorator.run(DefaultThreadFactory.java:137)
	at java.lang.Thread.run(Thread.java:745)
2017-08-15 14:45:13 ClientHandler.java 32 [ nioEventLoopGroup-2-1:1481109 ] - [ INFO ]   channel in active 
2017-08-15 14:45:13 NetClient.java 110 [ nioEventLoopGroup-2-1:1481110 ] - [ ERROR ]  LOG,serverId=1与center连接断开,5秒后准备重连.
2017-08-15 14:45:19 NetClient.java 166 [ nioEventLoopGroup-2-2:1487116 ] - [ INFO ]   connect to the server un success and reconnect 5 sec later 
2017-08-15 14:45:36 NetClient.java 96 [ nioEventLoopGroup-2-1:415 ] - [ INFO ]  receive the callback message and the result is 1 , connectServerStartTime 2017-08-15 14:45:24
2017-08-15 14:46:37 BaseApp.java 142 [ Actor-ping:61016 ] - [ INFO ]  totalMemory :  243 MB
2017-08-15 14:46:37 BaseApp.java 143 [ Actor-ping:61017 ] - [ INFO ]  maxMemory :  3612 MB
2017-08-15 14:46:37 BaseApp.java 144 [ Actor-ping:61018 ] - [ INFO ]  freeMemory  :  214 MB
2017-08-15 14:46:37 BaseApp.java 145 [ Actor-ping:61019 ] - [ INFO ]  usedMemory  :  29 MB
2017-08-15 14:47:37 BaseApp.java 142 [ Actor-ping:121016 ] - [ INFO ]  totalMemory :  243 MB
2017-08-15 14:47:37 BaseApp.java 143 [ Actor-ping:121016 ] - [ INFO ]  maxMemory :  3612 MB
2017-08-15 14:47:37 BaseApp.java 144 [ Actor-ping:121016 ] - [ INFO ]  freeMemory  :  214 MB
2017-08-15 14:47:37 BaseApp.java 145 [ Actor-ping:121016 ] - [ INFO ]  usedMemory  :  29 MB
2017-08-15 14:47:37 BaseApp.java 87 [ Actor-ping:121018 ] - [ INFO ]  database yc_log :total created connection : 20
total free connection : 20
total leased connection : 0

2017-08-15 14:47:37 BaseApp.java 82 [ Actor-ping:121019 ] - [ INFO ]  Actor-ping=1
Actor-Dispatcher-log_save-0=0|Actor-Dispatcher-log_save-1=0|Actor-Dispatcher-log_save-2=0|Actor-Dispatcher-log_save-3=0|Actor-Dispatcher-log_save-4=0|Actor-Dispatcher-log_save-5=0|Actor-Dispatcher-log_save-6=0|Actor-Dispatcher-log_save-7=0|Actor-Dispatcher-log_save-8=0|Actor-Dispatcher-log_save-9=0|Actor-Dispatcher-log_save-10=0|Actor-Dispatcher-log_save-11=0|Actor-Dispatcher-log_save-12=0|Actor-Dispatcher-log_save-13=0|Actor-Dispatcher-log_save-14=0|Actor-Dispatcher-log_save-15=0|

2017-08-15 14:48:37 BaseApp.java 142 [ Actor-ping:181016 ] - [ INFO ]  totalMemory :  243 MB
2017-08-15 14:48:37 BaseApp.java 143 [ Actor-ping:181017 ] - [ INFO ]  maxMemory :  3612 MB
2017-08-15 14:48:37 BaseApp.java 144 [ Actor-ping:181017 ] - [ INFO ]  freeMemory  :  214 MB
2017-08-15 14:48:37 BaseApp.java 145 [ Actor-ping:181017 ] - [ INFO ]  usedMemory  :  29 MB
2017-08-15 14:49:37 BaseApp.java 142 [ Actor-ping:241029 ] - [ INFO ]  totalMemory :  243 MB
2017-08-15 14:49:37 BaseApp.java 143 [ Actor-ping:241029 ] - [ INFO ]  maxMemory :  3612 MB
2017-08-15 14:49:37 BaseApp.java 144 [ Actor-ping:241030 ] - [ INFO ]  freeMemory  :  214 MB
2017-08-15 14:49:37 BaseApp.java 145 [ Actor-ping:241030 ] - [ INFO ]  usedMemory  :  29 MB
2017-08-15 14:49:37 BaseApp.java 87 [ Actor-ping:241031 ] - [ INFO ]  database yc_log :total created connection : 20
total free connection : 20
total leased connection : 0

2017-08-15 14:49:37 BaseApp.java 82 [ Actor-ping:241032 ] - [ INFO ]  Actor-ping=3
Actor-Dispatcher-log_save-0=0|Actor-Dispatcher-log_save-1=0|Actor-Dispatcher-log_save-2=0|Actor-Dispatcher-log_save-3=0|Actor-Dispatcher-log_save-4=0|Actor-Dispatcher-log_save-5=0|Actor-Dispatcher-log_save-6=0|Actor-Dispatcher-log_save-7=0|Actor-Dispatcher-log_save-8=0|Actor-Dispatcher-log_save-9=0|Actor-Dispatcher-log_save-10=0|Actor-Dispatcher-log_save-11=0|Actor-Dispatcher-log_save-12=0|Actor-Dispatcher-log_save-13=0|Actor-Dispatcher-log_save-14=0|Actor-Dispatcher-log_save-15=0|

2017-08-15 14:50:37 BaseApp.java 142 [ Actor-ping:301016 ] - [ INFO ]  totalMemory :  243 MB
2017-08-15 14:50:37 BaseApp.java 143 [ Actor-ping:301016 ] - [ INFO ]  maxMemory :  3612 MB
2017-08-15 14:50:37 BaseApp.java 144 [ Actor-ping:301016 ] - [ INFO ]  freeMemory  :  214 MB
2017-08-15 14:50:37 BaseApp.java 145 [ Actor-ping:301016 ] - [ INFO ]  usedMemory  :  29 MB
2017-08-15 14:51:37 BaseApp.java 142 [ Actor-ping:361016 ] - [ INFO ]  totalMemory :  243 MB
2017-08-15 14:51:37 BaseApp.java 143 [ Actor-ping:361016 ] - [ INFO ]  maxMemory :  3612 MB
2017-08-15 14:51:37 BaseApp.java 144 [ Actor-ping:361016 ] - [ INFO ]  freeMemory  :  214 MB
2017-08-15 14:51:37 BaseApp.java 145 [ Actor-ping:361017 ] - [ INFO ]  usedMemory  :  29 MB
2017-08-15 14:51:37 BaseApp.java 87 [ Actor-ping:361018 ] - [ INFO ]  database yc_log :total created connection : 20
total free connection : 20
total leased connection : 0

2017-08-15 14:51:37 BaseApp.java 82 [ Actor-ping:361019 ] - [ INFO ]  Actor-ping=3
Actor-Dispatcher-log_save-0=0|Actor-Dispatcher-log_save-1=0|Actor-Dispatcher-log_save-2=0|Actor-Dispatcher-log_save-3=0|Actor-Dispatcher-log_save-4=0|Actor-Dispatcher-log_save-5=0|Actor-Dispatcher-log_save-6=0|Actor-Dispatcher-log_save-7=0|Actor-Dispatcher-log_save-8=0|Actor-Dispatcher-log_save-9=0|Actor-Dispatcher-log_save-10=0|Actor-Dispatcher-log_save-11=0|Actor-Dispatcher-log_save-12=0|Actor-Dispatcher-log_save-13=0|Actor-Dispatcher-log_save-14=0|Actor-Dispatcher-log_save-15=0|

2017-08-15 14:52:37 BaseApp.java 142 [ Actor-ping:421016 ] - [ INFO ]  totalMemory :  243 MB
2017-08-15 14:52:37 BaseApp.java 143 [ Actor-ping:421016 ] - [ INFO ]  maxMemory :  3612 MB
2017-08-15 14:52:37 BaseApp.java 144 [ Actor-ping:421016 ] - [ INFO ]  freeMemory  :  214 MB
2017-08-15 14:52:37 BaseApp.java 145 [ Actor-ping:421016 ] - [ INFO ]  usedMemory  :  29 MB
2017-08-15 14:53:37 BaseApp.java 142 [ Actor-ping:481016 ] - [ INFO ]  totalMemory :  243 MB
2017-08-15 14:53:37 BaseApp.java 143 [ Actor-ping:481016 ] - [ INFO ]  maxMemory :  3612 MB
2017-08-15 14:53:37 BaseApp.java 144 [ Actor-ping:481016 ] - [ INFO ]  freeMemory  :  214 MB
2017-08-15 14:53:37 BaseApp.java 145 [ Actor-ping:481016 ] - [ INFO ]  usedMemory  :  29 MB
2017-08-15 14:53:37 BaseApp.java 87 [ Actor-ping:481017 ] - [ INFO ]  database yc_log :total created connection : 20
total free connection : 20
total leased connection : 0

2017-08-15 14:53:37 BaseApp.java 82 [ Actor-ping:481018 ] - [ INFO ]  Actor-ping=3
Actor-Dispatcher-log_save-0=0|Actor-Dispatcher-log_save-1=0|Actor-Dispatcher-log_save-2=0|Actor-Dispatcher-log_save-3=0|Actor-Dispatcher-log_save-4=0|Actor-Dispatcher-log_save-5=0|Actor-Dispatcher-log_save-6=0|Actor-Dispatcher-log_save-7=0|Actor-Dispatcher-log_save-8=0|Actor-Dispatcher-log_save-9=0|Actor-Dispatcher-log_save-10=0|Actor-Dispatcher-log_save-11=0|Actor-Dispatcher-log_save-12=0|Actor-Dispatcher-log_save-13=0|Actor-Dispatcher-log_save-14=0|Actor-Dispatcher-log_save-15=0|

2017-08-15 14:54:37 BaseApp.java 142 [ Actor-ping:541017 ] - [ INFO ]  totalMemory :  243 MB
2017-08-15 14:54:37 BaseApp.java 143 [ Actor-ping:541017 ] - [ INFO ]  maxMemory :  3612 MB
2017-08-15 14:54:37 BaseApp.java 144 [ Actor-ping:541017 ] - [ INFO ]  freeMemory  :  214 MB
2017-08-15 14:54:37 BaseApp.java 145 [ Actor-ping:541017 ] - [ INFO ]  usedMemory  :  29 MB
2017-08-15 14:55:37 BaseApp.java 142 [ Actor-ping:601016 ] - [ INFO ]  totalMemory :  243 MB
2017-08-15 14:55:37 BaseApp.java 143 [ Actor-ping:601016 ] - [ INFO ]  maxMemory :  3612 MB
2017-08-15 14:55:37 BaseApp.java 144 [ Actor-ping:601016 ] - [ INFO ]  freeMemory  :  214 MB
2017-08-15 14:55:37 BaseApp.java 145 [ Actor-ping:601016 ] - [ INFO ]  usedMemory  :  29 MB
2017-08-15 14:55:37 BaseApp.java 87 [ Actor-ping:601017 ] - [ INFO ]  database yc_log :total created connection : 20
total free connection : 20
total leased connection : 0

2017-08-15 14:55:37 BaseApp.java 82 [ Actor-ping:601020 ] - [ INFO ]  Actor-ping=3
Actor-Dispatcher-log_save-0=0|Actor-Dispatcher-log_save-1=0|Actor-Dispatcher-log_save-2=0|Actor-Dispatcher-log_save-3=0|Actor-Dispatcher-log_save-4=0|Actor-Dispatcher-log_save-5=0|Actor-Dispatcher-log_save-6=0|Actor-Dispatcher-log_save-7=0|Actor-Dispatcher-log_save-8=0|Actor-Dispatcher-log_save-9=0|Actor-Dispatcher-log_save-10=0|Actor-Dispatcher-log_save-11=0|Actor-Dispatcher-log_save-12=0|Actor-Dispatcher-log_save-13=0|Actor-Dispatcher-log_save-14=0|Actor-Dispatcher-log_save-15=0|

2017-08-15 14:56:37 BaseApp.java 142 [ Actor-ping:661016 ] - [ INFO ]  totalMemory :  243 MB
2017-08-15 14:56:37 BaseApp.java 143 [ Actor-ping:661016 ] - [ INFO ]  maxMemory :  3612 MB
2017-08-15 14:56:37 BaseApp.java 144 [ Actor-ping:661016 ] - [ INFO ]  freeMemory  :  214 MB
2017-08-15 14:56:37 BaseApp.java 145 [ Actor-ping:661016 ] - [ INFO ]  usedMemory  :  29 MB
2017-08-15 14:57:03 ClientHandler.java 47 [ nioEventLoopGroup-2-1:687763 ] - [ ERROR ]   error : {}
java.io.IOException: 远程主机强迫关闭了一个现有的连接。
	at sun.nio.ch.SocketDispatcher.read0(Native Method)
	at sun.nio.ch.SocketDispatcher.read(SocketDispatcher.java:43)
	at sun.nio.ch.IOUtil.readIntoNativeBuffer(IOUtil.java:223)
	at sun.nio.ch.IOUtil.read(IOUtil.java:192)
	at sun.nio.ch.SocketChannelImpl.read(SocketChannelImpl.java:380)
	at io.netty.buffer.UnpooledUnsafeDirectByteBuf.setBytes(UnpooledUnsafeDirectByteBuf.java:357)
	at io.netty.buffer.AbstractByteBuf.writeBytes(AbstractByteBuf.java:898)
	at io.netty.channel.socket.nio.NioSocketChannel.doReadBytes(NioSocketChannel.java:242)
	at io.netty.channel.nio.AbstractNioByteChannel$NioByteUnsafe.read(AbstractNioByteChannel.java:119)
	at io.netty.channel.nio.NioEventLoop.processSelectedKey(NioEventLoop.java:511)
	at io.netty.channel.nio.NioEventLoop.processSelectedKeysOptimized(NioEventLoop.java:468)
	at io.netty.channel.nio.NioEventLoop.processSelectedKeys(NioEventLoop.java:382)
	at io.netty.channel.nio.NioEventLoop.run(NioEventLoop.java:354)
	at io.netty.util.concurrent.SingleThreadEventExecutor$2.run(SingleThreadEventExecutor.java:112)
	at io.netty.util.concurrent.DefaultThreadFactory$DefaultRunnableDecorator.run(DefaultThreadFactory.java:137)
	at java.lang.Thread.run(Thread.java:745)
2017-08-15 14:57:03 ClientHandler.java 32 [ nioEventLoopGroup-2-1:687771 ] - [ INFO ]   channel in active 
2017-08-15 14:57:03 NetClient.java 110 [ nioEventLoopGroup-2-1:687771 ] - [ ERROR ]  LOG,serverId=1与center连接断开,5秒后准备重连.
2017-08-15 14:58:20 NetClient.java 96 [ nioEventLoopGroup-2-1:442 ] - [ INFO ]  receive the callback message and the result is 1 , connectServerStartTime 2017-08-15 14:58:06
2017-08-15 14:59:21 BaseApp.java 142 [ Actor-ping:61119 ] - [ INFO ]  totalMemory :  243 MB
2017-08-15 14:59:21 BaseApp.java 143 [ Actor-ping:61120 ] - [ INFO ]  maxMemory :  3612 MB
2017-08-15 14:59:21 BaseApp.java 144 [ Actor-ping:61120 ] - [ INFO ]  freeMemory  :  215 MB
2017-08-15 14:59:21 BaseApp.java 145 [ Actor-ping:61120 ] - [ INFO ]  usedMemory  :  28 MB
2017-08-15 15:00:21 BaseApp.java 142 [ Actor-ping:121119 ] - [ INFO ]  totalMemory :  243 MB
2017-08-15 15:00:21 BaseApp.java 143 [ Actor-ping:121119 ] - [ INFO ]  maxMemory :  3612 MB
2017-08-15 15:00:21 BaseApp.java 144 [ Actor-ping:121120 ] - [ INFO ]  freeMemory  :  214 MB
2017-08-15 15:00:21 BaseApp.java 145 [ Actor-ping:121120 ] - [ INFO ]  usedMemory  :  29 MB
2017-08-15 15:00:21 BaseApp.java 82 [ Actor-ping:121121 ] - [ INFO ]  Actor-ping=1
Actor-Dispatcher-log_save-0=0|Actor-Dispatcher-log_save-1=0|Actor-Dispatcher-log_save-2=0|Actor-Dispatcher-log_save-3=0|Actor-Dispatcher-log_save-4=0|Actor-Dispatcher-log_save-5=0|Actor-Dispatcher-log_save-6=0|Actor-Dispatcher-log_save-7=0|Actor-Dispatcher-log_save-8=0|Actor-Dispatcher-log_save-9=0|Actor-Dispatcher-log_save-10=0|Actor-Dispatcher-log_save-11=0|Actor-Dispatcher-log_save-12=0|Actor-Dispatcher-log_save-13=0|Actor-Dispatcher-log_save-14=0|Actor-Dispatcher-log_save-15=0|

2017-08-15 15:00:21 BaseApp.java 87 [ Actor-ping:121123 ] - [ INFO ]  database yc_log :total created connection : 20
total free connection : 20
total leased connection : 0

2017-08-15 15:01:21 BaseApp.java 142 [ Actor-ping:181119 ] - [ INFO ]  totalMemory :  243 MB
2017-08-15 15:01:21 BaseApp.java 143 [ Actor-ping:181119 ] - [ INFO ]  maxMemory :  3612 MB
2017-08-15 15:01:21 BaseApp.java 144 [ Actor-ping:181120 ] - [ INFO ]  freeMemory  :  214 MB
2017-08-15 15:01:21 BaseApp.java 145 [ Actor-ping:181120 ] - [ INFO ]  usedMemory  :  29 MB
2017-08-15 15:02:21 BaseApp.java 142 [ Actor-ping:241120 ] - [ INFO ]  totalMemory :  243 MB
2017-08-15 15:02:21 BaseApp.java 143 [ Actor-ping:241120 ] - [ INFO ]  maxMemory :  3612 MB
2017-08-15 15:02:21 BaseApp.java 144 [ Actor-ping:241120 ] - [ INFO ]  freeMemory  :  214 MB
2017-08-15 15:02:21 BaseApp.java 145 [ Actor-ping:241120 ] - [ INFO ]  usedMemory  :  29 MB
2017-08-15 15:02:21 BaseApp.java 87 [ Actor-ping:241121 ] - [ INFO ]  database yc_log :total created connection : 20
total free connection : 20
total leased connection : 0

2017-08-15 15:02:21 BaseApp.java 82 [ Actor-ping:241121 ] - [ INFO ]  Actor-ping=1
Actor-Dispatcher-log_save-0=0|Actor-Dispatcher-log_save-1=0|Actor-Dispatcher-log_save-2=0|Actor-Dispatcher-log_save-3=0|Actor-Dispatcher-log_save-4=0|Actor-Dispatcher-log_save-5=0|Actor-Dispatcher-log_save-6=0|Actor-Dispatcher-log_save-7=0|Actor-Dispatcher-log_save-8=0|Actor-Dispatcher-log_save-9=0|Actor-Dispatcher-log_save-10=0|Actor-Dispatcher-log_save-11=0|Actor-Dispatcher-log_save-12=0|Actor-Dispatcher-log_save-13=0|Actor-Dispatcher-log_save-14=0|Actor-Dispatcher-log_save-15=0|

2017-08-15 15:03:21 BaseApp.java 142 [ Actor-ping:301120 ] - [ INFO ]  totalMemory :  243 MB
2017-08-15 15:03:21 BaseApp.java 143 [ Actor-ping:301120 ] - [ INFO ]  maxMemory :  3612 MB
2017-08-15 15:03:21 BaseApp.java 144 [ Actor-ping:301120 ] - [ INFO ]  freeMemory  :  214 MB
2017-08-15 15:03:21 BaseApp.java 145 [ Actor-ping:301120 ] - [ INFO ]  usedMemory  :  29 MB
2017-08-15 15:04:21 BaseApp.java 142 [ Actor-ping:361119 ] - [ INFO ]  totalMemory :  243 MB
2017-08-15 15:04:21 BaseApp.java 143 [ Actor-ping:361119 ] - [ INFO ]  maxMemory :  3612 MB
2017-08-15 15:04:21 BaseApp.java 144 [ Actor-ping:361119 ] - [ INFO ]  freeMemory  :  214 MB
2017-08-15 15:04:21 BaseApp.java 145 [ Actor-ping:361119 ] - [ INFO ]  usedMemory  :  29 MB
2017-08-15 15:04:21 BaseApp.java 87 [ Actor-ping:361120 ] - [ INFO ]  database yc_log :total created connection : 20
total free connection : 20
total leased connection : 0

2017-08-15 15:04:21 BaseApp.java 82 [ Actor-ping:361121 ] - [ INFO ]  Actor-ping=1
Actor-Dispatcher-log_save-0=0|Actor-Dispatcher-log_save-1=0|Actor-Dispatcher-log_save-2=0|Actor-Dispatcher-log_save-3=0|Actor-Dispatcher-log_save-4=0|Actor-Dispatcher-log_save-5=0|Actor-Dispatcher-log_save-6=0|Actor-Dispatcher-log_save-7=0|Actor-Dispatcher-log_save-8=0|Actor-Dispatcher-log_save-9=0|Actor-Dispatcher-log_save-10=0|Actor-Dispatcher-log_save-11=0|Actor-Dispatcher-log_save-12=0|Actor-Dispatcher-log_save-13=0|Actor-Dispatcher-log_save-14=0|Actor-Dispatcher-log_save-15=0|

2017-08-15 15:05:21 BaseApp.java 142 [ Actor-ping:421119 ] - [ INFO ]  totalMemory :  243 MB
2017-08-15 15:05:21 BaseApp.java 143 [ Actor-ping:421119 ] - [ INFO ]  maxMemory :  3612 MB
2017-08-15 15:05:21 BaseApp.java 144 [ Actor-ping:421119 ] - [ INFO ]  freeMemory  :  214 MB
2017-08-15 15:05:21 BaseApp.java 145 [ Actor-ping:421119 ] - [ INFO ]  usedMemory  :  29 MB
2017-08-15 15:06:21 BaseApp.java 142 [ Actor-ping:481119 ] - [ INFO ]  totalMemory :  243 MB
2017-08-15 15:06:21 BaseApp.java 143 [ Actor-ping:481120 ] - [ INFO ]  maxMemory :  3612 MB
2017-08-15 15:06:21 BaseApp.java 144 [ Actor-ping:481120 ] - [ INFO ]  freeMemory  :  214 MB
2017-08-15 15:06:21 BaseApp.java 145 [ Actor-ping:481120 ] - [ INFO ]  usedMemory  :  29 MB
2017-08-15 15:06:21 BaseApp.java 87 [ Actor-ping:481122 ] - [ INFO ]  database yc_log :total created connection : 20
total free connection : 20
total leased connection : 0

2017-08-15 15:06:21 BaseApp.java 82 [ Actor-ping:481123 ] - [ INFO ]  Actor-ping=2
Actor-Dispatcher-log_save-0=0|Actor-Dispatcher-log_save-1=0|Actor-Dispatcher-log_save-2=0|Actor-Dispatcher-log_save-3=0|Actor-Dispatcher-log_save-4=0|Actor-Dispatcher-log_save-5=0|Actor-Dispatcher-log_save-6=0|Actor-Dispatcher-log_save-7=0|Actor-Dispatcher-log_save-8=0|Actor-Dispatcher-log_save-9=0|Actor-Dispatcher-log_save-10=0|Actor-Dispatcher-log_save-11=0|Actor-Dispatcher-log_save-12=0|Actor-Dispatcher-log_save-13=0|Actor-Dispatcher-log_save-14=0|Actor-Dispatcher-log_save-15=0|

2017-08-15 15:07:21 BaseApp.java 142 [ Actor-ping:541120 ] - [ INFO ]  totalMemory :  243 MB
2017-08-15 15:07:21 BaseApp.java 143 [ Actor-ping:541120 ] - [ INFO ]  maxMemory :  3612 MB
2017-08-15 15:07:21 BaseApp.java 144 [ Actor-ping:541120 ] - [ INFO ]  freeMemory  :  214 MB
2017-08-15 15:07:21 BaseApp.java 145 [ Actor-ping:541121 ] - [ INFO ]  usedMemory  :  29 MB
2017-08-15 15:08:21 BaseApp.java 142 [ Actor-ping:601119 ] - [ INFO ]  totalMemory :  243 MB
2017-08-15 15:08:21 BaseApp.java 143 [ Actor-ping:601119 ] - [ INFO ]  maxMemory :  3612 MB
2017-08-15 15:08:21 BaseApp.java 144 [ Actor-ping:601119 ] - [ INFO ]  freeMemory  :  214 MB
2017-08-15 15:08:21 BaseApp.java 145 [ Actor-ping:601119 ] - [ INFO ]  usedMemory  :  29 MB
2017-08-15 15:08:21 BaseApp.java 87 [ Actor-ping:601120 ] - [ INFO ]  database yc_log :total created connection : 20
total free connection : 20
total leased connection : 0

2017-08-15 15:08:21 BaseApp.java 82 [ Actor-ping:601121 ] - [ INFO ]  Actor-ping=2
Actor-Dispatcher-log_save-0=0|Actor-Dispatcher-log_save-1=0|Actor-Dispatcher-log_save-2=0|Actor-Dispatcher-log_save-3=0|Actor-Dispatcher-log_save-4=0|Actor-Dispatcher-log_save-5=0|Actor-Dispatcher-log_save-6=0|Actor-Dispatcher-log_save-7=0|Actor-Dispatcher-log_save-8=0|Actor-Dispatcher-log_save-9=0|Actor-Dispatcher-log_save-10=0|Actor-Dispatcher-log_save-11=0|Actor-Dispatcher-log_save-12=0|Actor-Dispatcher-log_save-13=0|Actor-Dispatcher-log_save-14=0|Actor-Dispatcher-log_save-15=0|

2017-08-15 15:09:21 BaseApp.java 142 [ Actor-ping:661119 ] - [ INFO ]  totalMemory :  243 MB
2017-08-15 15:09:21 BaseApp.java 143 [ Actor-ping:661119 ] - [ INFO ]  maxMemory :  3612 MB
2017-08-15 15:09:21 BaseApp.java 144 [ Actor-ping:661119 ] - [ INFO ]  freeMemory  :  214 MB
2017-08-15 15:09:21 BaseApp.java 145 [ Actor-ping:661120 ] - [ INFO ]  usedMemory  :  29 MB
2017-08-15 15:10:21 BaseApp.java 142 [ Actor-ping:721119 ] - [ INFO ]  totalMemory :  243 MB
2017-08-15 15:10:21 BaseApp.java 143 [ Actor-ping:721119 ] - [ INFO ]  maxMemory :  3612 MB
2017-08-15 15:10:21 BaseApp.java 144 [ Actor-ping:721119 ] - [ INFO ]  freeMemory  :  214 MB
2017-08-15 15:10:21 BaseApp.java 145 [ Actor-ping:721119 ] - [ INFO ]  usedMemory  :  29 MB
2017-08-15 15:10:21 BaseApp.java 87 [ Actor-ping:721121 ] - [ INFO ]  database yc_log :total created connection : 20
total free connection : 20
total leased connection : 0

2017-08-15 15:10:21 BaseApp.java 82 [ Actor-ping:721121 ] - [ INFO ]  Actor-ping=2
Actor-Dispatcher-log_save-0=0|Actor-Dispatcher-log_save-1=0|Actor-Dispatcher-log_save-2=0|Actor-Dispatcher-log_save-3=0|Actor-Dispatcher-log_save-4=0|Actor-Dispatcher-log_save-5=0|Actor-Dispatcher-log_save-6=0|Actor-Dispatcher-log_save-7=0|Actor-Dispatcher-log_save-8=0|Actor-Dispatcher-log_save-9=0|Actor-Dispatcher-log_save-10=0|Actor-Dispatcher-log_save-11=0|Actor-Dispatcher-log_save-12=0|Actor-Dispatcher-log_save-13=0|Actor-Dispatcher-log_save-14=0|Actor-Dispatcher-log_save-15=0|

2017-08-15 15:11:21 BaseApp.java 142 [ Actor-ping:781119 ] - [ INFO ]  totalMemory :  243 MB
2017-08-15 15:11:21 BaseApp.java 143 [ Actor-ping:781119 ] - [ INFO ]  maxMemory :  3612 MB
2017-08-15 15:11:21 BaseApp.java 144 [ Actor-ping:781120 ] - [ INFO ]  freeMemory  :  214 MB
2017-08-15 15:11:21 BaseApp.java 145 [ Actor-ping:781120 ] - [ INFO ]  usedMemory  :  29 MB
2017-08-15 15:12:21 BaseApp.java 142 [ Actor-ping:841119 ] - [ INFO ]  totalMemory :  243 MB
2017-08-15 15:12:21 BaseApp.java 143 [ Actor-ping:841119 ] - [ INFO ]  maxMemory :  3612 MB
2017-08-15 15:12:21 BaseApp.java 144 [ Actor-ping:841120 ] - [ INFO ]  freeMemory  :  214 MB
2017-08-15 15:12:21 BaseApp.java 145 [ Actor-ping:841120 ] - [ INFO ]  usedMemory  :  29 MB
2017-08-15 15:12:21 BaseApp.java 87 [ Actor-ping:841122 ] - [ INFO ]  database yc_log :total created connection : 20
total free connection : 20
total leased connection : 0

2017-08-15 15:12:21 BaseApp.java 82 [ Actor-ping:841122 ] - [ INFO ]  Actor-ping=2
Actor-Dispatcher-log_save-0=0|Actor-Dispatcher-log_save-1=0|Actor-Dispatcher-log_save-2=0|Actor-Dispatcher-log_save-3=0|Actor-Dispatcher-log_save-4=0|Actor-Dispatcher-log_save-5=0|Actor-Dispatcher-log_save-6=0|Actor-Dispatcher-log_save-7=0|Actor-Dispatcher-log_save-8=0|Actor-Dispatcher-log_save-9=0|Actor-Dispatcher-log_save-10=0|Actor-Dispatcher-log_save-11=0|Actor-Dispatcher-log_save-12=0|Actor-Dispatcher-log_save-13=0|Actor-Dispatcher-log_save-14=0|Actor-Dispatcher-log_save-15=0|

2017-08-15 15:13:21 BaseApp.java 142 [ Actor-ping:901120 ] - [ INFO ]  totalMemory :  243 MB
2017-08-15 15:13:21 BaseApp.java 143 [ Actor-ping:901120 ] - [ INFO ]  maxMemory :  3612 MB
2017-08-15 15:13:21 BaseApp.java 144 [ Actor-ping:901120 ] - [ INFO ]  freeMemory  :  213 MB
2017-08-15 15:13:21 BaseApp.java 145 [ Actor-ping:901120 ] - [ INFO ]  usedMemory  :  30 MB
2017-08-15 15:14:21 BaseApp.java 142 [ Actor-ping:961119 ] - [ INFO ]  totalMemory :  243 MB
2017-08-15 15:14:21 BaseApp.java 143 [ Actor-ping:961119 ] - [ INFO ]  maxMemory :  3612 MB
2017-08-15 15:14:21 BaseApp.java 144 [ Actor-ping:961119 ] - [ INFO ]  freeMemory  :  213 MB
2017-08-15 15:14:21 BaseApp.java 145 [ Actor-ping:961119 ] - [ INFO ]  usedMemory  :  30 MB
2017-08-15 15:14:21 BaseApp.java 87 [ Actor-ping:961120 ] - [ INFO ]  database yc_log :total created connection : 20
total free connection : 20
total leased connection : 0

2017-08-15 15:14:21 BaseApp.java 82 [ Actor-ping:961121 ] - [ INFO ]  Actor-ping=2
Actor-Dispatcher-log_save-0=0|Actor-Dispatcher-log_save-1=0|Actor-Dispatcher-log_save-2=0|Actor-Dispatcher-log_save-3=0|Actor-Dispatcher-log_save-4=0|Actor-Dispatcher-log_save-5=0|Actor-Dispatcher-log_save-6=0|Actor-Dispatcher-log_save-7=0|Actor-Dispatcher-log_save-8=0|Actor-Dispatcher-log_save-9=0|Actor-Dispatcher-log_save-10=0|Actor-Dispatcher-log_save-11=0|Actor-Dispatcher-log_save-12=0|Actor-Dispatcher-log_save-13=0|Actor-Dispatcher-log_save-14=0|Actor-Dispatcher-log_save-15=0|

2017-08-15 15:15:21 BaseApp.java 142 [ Actor-ping:1021119 ] - [ INFO ]  totalMemory :  243 MB
2017-08-15 15:15:21 BaseApp.java 143 [ Actor-ping:1021119 ] - [ INFO ]  maxMemory :  3612 MB
2017-08-15 15:15:21 BaseApp.java 144 [ Actor-ping:1021119 ] - [ INFO ]  freeMemory  :  213 MB
2017-08-15 15:15:21 BaseApp.java 145 [ Actor-ping:1021119 ] - [ INFO ]  usedMemory  :  30 MB
2017-08-15 15:16:21 BaseApp.java 142 [ Actor-ping:1081119 ] - [ INFO ]  totalMemory :  243 MB
2017-08-15 15:16:21 BaseApp.java 143 [ Actor-ping:1081119 ] - [ INFO ]  maxMemory :  3612 MB
2017-08-15 15:16:21 BaseApp.java 144 [ Actor-ping:1081119 ] - [ INFO ]  freeMemory  :  213 MB
2017-08-15 15:16:21 BaseApp.java 145 [ Actor-ping:1081119 ] - [ INFO ]  usedMemory  :  30 MB
2017-08-15 15:16:21 BaseApp.java 87 [ Actor-ping:1081121 ] - [ INFO ]  database yc_log :total created connection : 20
total free connection : 20
total leased connection : 0

2017-08-15 15:16:21 BaseApp.java 82 [ Actor-ping:1081121 ] - [ INFO ]  Actor-ping=2
Actor-Dispatcher-log_save-0=0|Actor-Dispatcher-log_save-1=0|Actor-Dispatcher-log_save-2=0|Actor-Dispatcher-log_save-3=0|Actor-Dispatcher-log_save-4=0|Actor-Dispatcher-log_save-5=0|Actor-Dispatcher-log_save-6=0|Actor-Dispatcher-log_save-7=0|Actor-Dispatcher-log_save-8=0|Actor-Dispatcher-log_save-9=0|Actor-Dispatcher-log_save-10=0|Actor-Dispatcher-log_save-11=0|Actor-Dispatcher-log_save-12=0|Actor-Dispatcher-log_save-13=0|Actor-Dispatcher-log_save-14=0|Actor-Dispatcher-log_save-15=0|

2017-08-15 15:17:21 BaseApp.java 142 [ Actor-ping:1141119 ] - [ INFO ]  totalMemory :  243 MB
2017-08-15 15:17:21 BaseApp.java 143 [ Actor-ping:1141119 ] - [ INFO ]  maxMemory :  3612 MB
2017-08-15 15:17:21 BaseApp.java 144 [ Actor-ping:1141119 ] - [ INFO ]  freeMemory  :  213 MB
2017-08-15 15:17:21 BaseApp.java 145 [ Actor-ping:1141119 ] - [ INFO ]  usedMemory  :  30 MB
2017-08-15 15:18:21 BaseApp.java 142 [ Actor-ping:1201119 ] - [ INFO ]  totalMemory :  243 MB
2017-08-15 15:18:21 BaseApp.java 143 [ Actor-ping:1201119 ] - [ INFO ]  maxMemory :  3612 MB
2017-08-15 15:18:21 BaseApp.java 144 [ Actor-ping:1201119 ] - [ INFO ]  freeMemory  :  213 MB
2017-08-15 15:18:21 BaseApp.java 145 [ Actor-ping:1201119 ] - [ INFO ]  usedMemory  :  30 MB
2017-08-15 15:18:21 BaseApp.java 87 [ Actor-ping:1201120 ] - [ INFO ]  database yc_log :total created connection : 20
total free connection : 20
total leased connection : 0

2017-08-15 15:18:21 BaseApp.java 82 [ Actor-ping:1201121 ] - [ INFO ]  Actor-ping=2
Actor-Dispatcher-log_save-0=0|Actor-Dispatcher-log_save-1=0|Actor-Dispatcher-log_save-2=0|Actor-Dispatcher-log_save-3=0|Actor-Dispatcher-log_save-4=0|Actor-Dispatcher-log_save-5=0|Actor-Dispatcher-log_save-6=0|Actor-Dispatcher-log_save-7=0|Actor-Dispatcher-log_save-8=0|Actor-Dispatcher-log_save-9=0|Actor-Dispatcher-log_save-10=0|Actor-Dispatcher-log_save-11=0|Actor-Dispatcher-log_save-12=0|Actor-Dispatcher-log_save-13=0|Actor-Dispatcher-log_save-14=0|Actor-Dispatcher-log_save-15=0|

2017-08-15 15:18:24 ClientHandler.java 47 [ nioEventLoopGroup-2-1:1204563 ] - [ ERROR ]   error : {}
java.io.IOException: 远程主机强迫关闭了一个现有的连接。
	at sun.nio.ch.SocketDispatcher.read0(Native Method)
	at sun.nio.ch.SocketDispatcher.read(SocketDispatcher.java:43)
	at sun.nio.ch.IOUtil.readIntoNativeBuffer(IOUtil.java:223)
	at sun.nio.ch.IOUtil.read(IOUtil.java:192)
	at sun.nio.ch.SocketChannelImpl.read(SocketChannelImpl.java:380)
	at io.netty.buffer.UnpooledUnsafeDirectByteBuf.setBytes(UnpooledUnsafeDirectByteBuf.java:357)
	at io.netty.buffer.AbstractByteBuf.writeBytes(AbstractByteBuf.java:898)
	at io.netty.channel.socket.nio.NioSocketChannel.doReadBytes(NioSocketChannel.java:242)
	at io.netty.channel.nio.AbstractNioByteChannel$NioByteUnsafe.read(AbstractNioByteChannel.java:119)
	at io.netty.channel.nio.NioEventLoop.processSelectedKey(NioEventLoop.java:511)
	at io.netty.channel.nio.NioEventLoop.processSelectedKeysOptimized(NioEventLoop.java:468)
	at io.netty.channel.nio.NioEventLoop.processSelectedKeys(NioEventLoop.java:382)
	at io.netty.channel.nio.NioEventLoop.run(NioEventLoop.java:354)
	at io.netty.util.concurrent.SingleThreadEventExecutor$2.run(SingleThreadEventExecutor.java:112)
	at io.netty.util.concurrent.DefaultThreadFactory$DefaultRunnableDecorator.run(DefaultThreadFactory.java:137)
	at java.lang.Thread.run(Thread.java:745)
2017-08-15 15:18:24 ClientHandler.java 32 [ nioEventLoopGroup-2-1:1204568 ] - [ INFO ]   channel in active 
2017-08-15 15:18:24 NetClient.java 110 [ nioEventLoopGroup-2-1:1204569 ] - [ ERROR ]  LOG,serverId=1与center连接断开,5秒后准备重连.
2017-08-15 15:18:30 NetClient.java 166 [ nioEventLoopGroup-2-2:1210574 ] - [ INFO ]   connect to the server un success and reconnect 5 sec later 
2017-08-15 15:18:48 NetClient.java 96 [ nioEventLoopGroup-2-1:452 ] - [ INFO ]  receive the callback message and the result is 1 , connectServerStartTime 2017-08-15 15:18:34
2017-08-15 15:19:48 BaseApp.java 142 [ Actor-ping:61016 ] - [ INFO ]  totalMemory :  243 MB
2017-08-15 15:19:48 BaseApp.java 143 [ Actor-ping:61017 ] - [ INFO ]  maxMemory :  3612 MB
2017-08-15 15:19:48 BaseApp.java 144 [ Actor-ping:61017 ] - [ INFO ]  freeMemory  :  214 MB
2017-08-15 15:19:48 BaseApp.java 145 [ Actor-ping:61017 ] - [ INFO ]  usedMemory  :  29 MB
2017-08-15 15:20:48 BaseApp.java 142 [ Actor-ping:121017 ] - [ INFO ]  totalMemory :  243 MB
2017-08-15 15:20:48 BaseApp.java 143 [ Actor-ping:121018 ] - [ INFO ]  maxMemory :  3612 MB
2017-08-15 15:20:48 BaseApp.java 144 [ Actor-ping:121018 ] - [ INFO ]  freeMemory  :  214 MB
2017-08-15 15:20:48 BaseApp.java 145 [ Actor-ping:121018 ] - [ INFO ]  usedMemory  :  29 MB
2017-08-15 15:20:48 BaseApp.java 87 [ Actor-ping:121021 ] - [ INFO ]  database yc_log :total created connection : 20
total free connection : 20
total leased connection : 0

2017-08-15 15:20:48 BaseApp.java 82 [ Actor-ping:121022 ] - [ INFO ]  Actor-ping=2
Actor-Dispatcher-log_save-0=0|Actor-Dispatcher-log_save-1=0|Actor-Dispatcher-log_save-2=0|Actor-Dispatcher-log_save-3=0|Actor-Dispatcher-log_save-4=0|Actor-Dispatcher-log_save-5=0|Actor-Dispatcher-log_save-6=0|Actor-Dispatcher-log_save-7=0|Actor-Dispatcher-log_save-8=0|Actor-Dispatcher-log_save-9=0|Actor-Dispatcher-log_save-10=0|Actor-Dispatcher-log_save-11=0|Actor-Dispatcher-log_save-12=0|Actor-Dispatcher-log_save-13=0|Actor-Dispatcher-log_save-14=0|Actor-Dispatcher-log_save-15=0|

2017-08-15 15:21:48 BaseApp.java 142 [ Actor-ping:181016 ] - [ INFO ]  totalMemory :  243 MB
2017-08-15 15:21:48 BaseApp.java 143 [ Actor-ping:181016 ] - [ INFO ]  maxMemory :  3612 MB
2017-08-15 15:21:48 BaseApp.java 144 [ Actor-ping:181016 ] - [ INFO ]  freeMemory  :  214 MB
2017-08-15 15:21:48 BaseApp.java 145 [ Actor-ping:181017 ] - [ INFO ]  usedMemory  :  29 MB
2017-08-15 15:22:48 BaseApp.java 142 [ Actor-ping:241017 ] - [ INFO ]  totalMemory :  243 MB
2017-08-15 15:22:48 BaseApp.java 143 [ Actor-ping:241017 ] - [ INFO ]  maxMemory :  3612 MB
2017-08-15 15:22:48 BaseApp.java 144 [ Actor-ping:241017 ] - [ INFO ]  freeMemory  :  214 MB
2017-08-15 15:22:48 BaseApp.java 145 [ Actor-ping:241017 ] - [ INFO ]  usedMemory  :  29 MB
2017-08-15 15:22:48 BaseApp.java 87 [ Actor-ping:241018 ] - [ INFO ]  database yc_log :total created connection : 20
total free connection : 20
total leased connection : 0

2017-08-15 15:22:48 BaseApp.java 82 [ Actor-ping:241018 ] - [ INFO ]  Actor-ping=2
Actor-Dispatcher-log_save-0=0|Actor-Dispatcher-log_save-1=0|Actor-Dispatcher-log_save-2=0|Actor-Dispatcher-log_save-3=0|Actor-Dispatcher-log_save-4=0|Actor-Dispatcher-log_save-5=0|Actor-Dispatcher-log_save-6=0|Actor-Dispatcher-log_save-7=0|Actor-Dispatcher-log_save-8=0|Actor-Dispatcher-log_save-9=0|Actor-Dispatcher-log_save-10=0|Actor-Dispatcher-log_save-11=0|Actor-Dispatcher-log_save-12=0|Actor-Dispatcher-log_save-13=0|Actor-Dispatcher-log_save-14=0|Actor-Dispatcher-log_save-15=0|

2017-08-15 15:23:34 ClientHandler.java 47 [ nioEventLoopGroup-2-1:286592 ] - [ ERROR ]   error : {}
java.io.IOException: 远程主机强迫关闭了一个现有的连接。
	at sun.nio.ch.SocketDispatcher.read0(Native Method)
	at sun.nio.ch.SocketDispatcher.read(SocketDispatcher.java:43)
	at sun.nio.ch.IOUtil.readIntoNativeBuffer(IOUtil.java:223)
	at sun.nio.ch.IOUtil.read(IOUtil.java:192)
	at sun.nio.ch.SocketChannelImpl.read(SocketChannelImpl.java:380)
	at io.netty.buffer.UnpooledUnsafeDirectByteBuf.setBytes(UnpooledUnsafeDirectByteBuf.java:357)
	at io.netty.buffer.AbstractByteBuf.writeBytes(AbstractByteBuf.java:898)
	at io.netty.channel.socket.nio.NioSocketChannel.doReadBytes(NioSocketChannel.java:242)
	at io.netty.channel.nio.AbstractNioByteChannel$NioByteUnsafe.read(AbstractNioByteChannel.java:119)
	at io.netty.channel.nio.NioEventLoop.processSelectedKey(NioEventLoop.java:511)
	at io.netty.channel.nio.NioEventLoop.processSelectedKeysOptimized(NioEventLoop.java:468)
	at io.netty.channel.nio.NioEventLoop.processSelectedKeys(NioEventLoop.java:382)
	at io.netty.channel.nio.NioEventLoop.run(NioEventLoop.java:354)
	at io.netty.util.concurrent.SingleThreadEventExecutor$2.run(SingleThreadEventExecutor.java:112)
	at io.netty.util.concurrent.DefaultThreadFactory$DefaultRunnableDecorator.run(DefaultThreadFactory.java:137)
	at java.lang.Thread.run(Thread.java:745)
2017-08-15 15:23:34 ClientHandler.java 32 [ nioEventLoopGroup-2-1:286598 ] - [ INFO ]   channel in active 
2017-08-15 15:23:34 NetClient.java 110 [ nioEventLoopGroup-2-1:286599 ] - [ ERROR ]  LOG,serverId=1与center连接断开,5秒后准备重连.
2017-08-15 15:23:59 NetClient.java 96 [ nioEventLoopGroup-2-1:455 ] - [ INFO ]  receive the callback message and the result is 1 , connectServerStartTime 2017-08-15 15:23:42
2017-08-15 15:25:00 BaseApp.java 142 [ Actor-ping:61132 ] - [ INFO ]  totalMemory :  243 MB
2017-08-15 15:25:00 BaseApp.java 143 [ Actor-ping:61133 ] - [ INFO ]  maxMemory :  3612 MB
2017-08-15 15:25:00 BaseApp.java 144 [ Actor-ping:61133 ] - [ INFO ]  freeMemory  :  214 MB
2017-08-15 15:25:00 BaseApp.java 145 [ Actor-ping:61134 ] - [ INFO ]  usedMemory  :  29 MB
2017-08-15 15:26:00 BaseApp.java 142 [ Actor-ping:121131 ] - [ INFO ]  totalMemory :  243 MB
2017-08-15 15:26:00 BaseApp.java 143 [ Actor-ping:121131 ] - [ INFO ]  maxMemory :  3612 MB
2017-08-15 15:26:00 BaseApp.java 144 [ Actor-ping:121132 ] - [ INFO ]  freeMemory  :  214 MB
2017-08-15 15:26:00 BaseApp.java 145 [ Actor-ping:121132 ] - [ INFO ]  usedMemory  :  29 MB
2017-08-15 15:26:00 BaseApp.java 87 [ Actor-ping:121133 ] - [ INFO ]  database yc_log :total created connection : 20
total free connection : 20
total leased connection : 0

2017-08-15 15:26:00 BaseApp.java 82 [ Actor-ping:121134 ] - [ INFO ]  Actor-ping=1
Actor-Dispatcher-log_save-0=0|Actor-Dispatcher-log_save-1=0|Actor-Dispatcher-log_save-2=0|Actor-Dispatcher-log_save-3=0|Actor-Dispatcher-log_save-4=0|Actor-Dispatcher-log_save-5=0|Actor-Dispatcher-log_save-6=0|Actor-Dispatcher-log_save-7=0|Actor-Dispatcher-log_save-8=0|Actor-Dispatcher-log_save-9=0|Actor-Dispatcher-log_save-10=0|Actor-Dispatcher-log_save-11=0|Actor-Dispatcher-log_save-12=0|Actor-Dispatcher-log_save-13=0|Actor-Dispatcher-log_save-14=0|Actor-Dispatcher-log_save-15=0|

2017-08-15 15:27:00 BaseApp.java 142 [ Actor-ping:181131 ] - [ INFO ]  totalMemory :  243 MB
2017-08-15 15:27:00 BaseApp.java 143 [ Actor-ping:181131 ] - [ INFO ]  maxMemory :  3612 MB
2017-08-15 15:27:00 BaseApp.java 144 [ Actor-ping:181131 ] - [ INFO ]  freeMemory  :  214 MB
2017-08-15 15:27:00 BaseApp.java 145 [ Actor-ping:181131 ] - [ INFO ]  usedMemory  :  29 MB
2017-08-15 15:27:49 ClientHandler.java 47 [ nioEventLoopGroup-2-1:230605 ] - [ ERROR ]   error : {}
java.io.IOException: 远程主机强迫关闭了一个现有的连接。
	at sun.nio.ch.SocketDispatcher.read0(Native Method)
	at sun.nio.ch.SocketDispatcher.read(SocketDispatcher.java:43)
	at sun.nio.ch.IOUtil.readIntoNativeBuffer(IOUtil.java:223)
	at sun.nio.ch.IOUtil.read(IOUtil.java:192)
	at sun.nio.ch.SocketChannelImpl.read(SocketChannelImpl.java:380)
	at io.netty.buffer.UnpooledUnsafeDirectByteBuf.setBytes(UnpooledUnsafeDirectByteBuf.java:357)
	at io.netty.buffer.AbstractByteBuf.writeBytes(AbstractByteBuf.java:898)
	at io.netty.channel.socket.nio.NioSocketChannel.doReadBytes(NioSocketChannel.java:242)
	at io.netty.channel.nio.AbstractNioByteChannel$NioByteUnsafe.read(AbstractNioByteChannel.java:119)
	at io.netty.channel.nio.NioEventLoop.processSelectedKey(NioEventLoop.java:511)
	at io.netty.channel.nio.NioEventLoop.processSelectedKeysOptimized(NioEventLoop.java:468)
	at io.netty.channel.nio.NioEventLoop.processSelectedKeys(NioEventLoop.java:382)
	at io.netty.channel.nio.NioEventLoop.run(NioEventLoop.java:354)
	at io.netty.util.concurrent.SingleThreadEventExecutor$2.run(SingleThreadEventExecutor.java:112)
	at io.netty.util.concurrent.DefaultThreadFactory$DefaultRunnableDecorator.run(DefaultThreadFactory.java:137)
	at java.lang.Thread.run(Thread.java:745)
2017-08-15 15:27:49 ClientHandler.java 32 [ nioEventLoopGroup-2-1:230610 ] - [ INFO ]   channel in active 
2017-08-15 15:27:49 NetClient.java 110 [ nioEventLoopGroup-2-1:230611 ] - [ ERROR ]  LOG,serverId=1与center连接断开,5秒后准备重连.
2017-08-15 15:28:10 NetClient.java 96 [ nioEventLoopGroup-2-1:506 ] - [ INFO ]  receive the callback message and the result is 1 , connectServerStartTime 2017-08-15 15:27:56
2017-08-15 15:29:11 BaseApp.java 142 [ Actor-ping:61060 ] - [ INFO ]  totalMemory :  243 MB
2017-08-15 15:29:11 BaseApp.java 143 [ Actor-ping:61061 ] - [ INFO ]  maxMemory :  3612 MB
2017-08-15 15:29:11 BaseApp.java 144 [ Actor-ping:61061 ] - [ INFO ]  freeMemory  :  214 MB
2017-08-15 15:29:11 BaseApp.java 145 [ Actor-ping:61061 ] - [ INFO ]  usedMemory  :  29 MB
2017-08-15 15:30:11 BaseApp.java 142 [ Actor-ping:121061 ] - [ INFO ]  totalMemory :  243 MB
2017-08-15 15:30:11 BaseApp.java 143 [ Actor-ping:121062 ] - [ INFO ]  maxMemory :  3612 MB
2017-08-15 15:30:11 BaseApp.java 144 [ Actor-ping:121062 ] - [ INFO ]  freeMemory  :  214 MB
2017-08-15 15:30:11 BaseApp.java 145 [ Actor-ping:121062 ] - [ INFO ]  usedMemory  :  29 MB
2017-08-15 15:30:11 BaseApp.java 87 [ Actor-ping:121067 ] - [ INFO ]  database yc_log :total created connection : 20
total free connection : 20
total leased connection : 0

2017-08-15 15:30:11 BaseApp.java 82 [ Actor-ping:121068 ] - [ INFO ]  Actor-ping=1
Actor-Dispatcher-log_save-0=0|Actor-Dispatcher-log_save-1=0|Actor-Dispatcher-log_save-2=0|Actor-Dispatcher-log_save-3=0|Actor-Dispatcher-log_save-4=0|Actor-Dispatcher-log_save-5=0|Actor-Dispatcher-log_save-6=0|Actor-Dispatcher-log_save-7=0|Actor-Dispatcher-log_save-8=0|Actor-Dispatcher-log_save-9=0|Actor-Dispatcher-log_save-10=0|Actor-Dispatcher-log_save-11=0|Actor-Dispatcher-log_save-12=0|Actor-Dispatcher-log_save-13=0|Actor-Dispatcher-log_save-14=0|Actor-Dispatcher-log_save-15=0|

2017-08-15 15:31:11 BaseApp.java 142 [ Actor-ping:181061 ] - [ INFO ]  totalMemory :  243 MB
2017-08-15 15:31:11 BaseApp.java 143 [ Actor-ping:181062 ] - [ INFO ]  maxMemory :  3612 MB
2017-08-15 15:31:11 BaseApp.java 144 [ Actor-ping:181062 ] - [ INFO ]  freeMemory  :  214 MB
2017-08-15 15:31:11 BaseApp.java 145 [ Actor-ping:181062 ] - [ INFO ]  usedMemory  :  29 MB
2017-08-15 15:32:11 BaseApp.java 142 [ Actor-ping:241062 ] - [ INFO ]  totalMemory :  243 MB
2017-08-15 15:32:11 BaseApp.java 143 [ Actor-ping:241062 ] - [ INFO ]  maxMemory :  3612 MB
2017-08-15 15:32:11 BaseApp.java 144 [ Actor-ping:241062 ] - [ INFO ]  freeMemory  :  214 MB
2017-08-15 15:32:11 BaseApp.java 145 [ Actor-ping:241062 ] - [ INFO ]  usedMemory  :  29 MB
2017-08-15 15:32:11 BaseApp.java 87 [ Actor-ping:241063 ] - [ INFO ]  database yc_log :total created connection : 20
total free connection : 20
total leased connection : 0

2017-08-15 15:32:11 BaseApp.java 82 [ Actor-ping:241063 ] - [ INFO ]  Actor-ping=2
Actor-Dispatcher-log_save-0=0|Actor-Dispatcher-log_save-1=0|Actor-Dispatcher-log_save-2=0|Actor-Dispatcher-log_save-3=0|Actor-Dispatcher-log_save-4=0|Actor-Dispatcher-log_save-5=0|Actor-Dispatcher-log_save-6=0|Actor-Dispatcher-log_save-7=0|Actor-Dispatcher-log_save-8=0|Actor-Dispatcher-log_save-9=0|Actor-Dispatcher-log_save-10=0|Actor-Dispatcher-log_save-11=0|Actor-Dispatcher-log_save-12=0|Actor-Dispatcher-log_save-13=0|Actor-Dispatcher-log_save-14=0|Actor-Dispatcher-log_save-15=0|

2017-08-15 15:33:11 BaseApp.java 142 [ Actor-ping:301061 ] - [ INFO ]  totalMemory :  243 MB
2017-08-15 15:33:11 BaseApp.java 143 [ Actor-ping:301061 ] - [ INFO ]  maxMemory :  3612 MB
2017-08-15 15:33:11 BaseApp.java 144 [ Actor-ping:301062 ] - [ INFO ]  freeMemory  :  214 MB
2017-08-15 15:33:11 BaseApp.java 145 [ Actor-ping:301062 ] - [ INFO ]  usedMemory  :  29 MB
2017-08-15 15:34:11 BaseApp.java 142 [ Actor-ping:361061 ] - [ INFO ]  totalMemory :  243 MB
2017-08-15 15:34:11 BaseApp.java 143 [ Actor-ping:361061 ] - [ INFO ]  maxMemory :  3612 MB
2017-08-15 15:34:11 BaseApp.java 144 [ Actor-ping:361062 ] - [ INFO ]  freeMemory  :  214 MB
2017-08-15 15:34:11 BaseApp.java 145 [ Actor-ping:361062 ] - [ INFO ]  usedMemory  :  29 MB
2017-08-15 15:34:11 BaseApp.java 87 [ Actor-ping:361062 ] - [ INFO ]  database yc_log :total created connection : 20
total free connection : 20
total leased connection : 0

2017-08-15 15:34:11 BaseApp.java 82 [ Actor-ping:361062 ] - [ INFO ]  Actor-ping=2
Actor-Dispatcher-log_save-0=0|Actor-Dispatcher-log_save-1=0|Actor-Dispatcher-log_save-2=0|Actor-Dispatcher-log_save-3=0|Actor-Dispatcher-log_save-4=0|Actor-Dispatcher-log_save-5=0|Actor-Dispatcher-log_save-6=0|Actor-Dispatcher-log_save-7=0|Actor-Dispatcher-log_save-8=0|Actor-Dispatcher-log_save-9=0|Actor-Dispatcher-log_save-10=0|Actor-Dispatcher-log_save-11=0|Actor-Dispatcher-log_save-12=0|Actor-Dispatcher-log_save-13=0|Actor-Dispatcher-log_save-14=0|Actor-Dispatcher-log_save-15=0|

2017-08-15 15:35:11 BaseApp.java 142 [ Actor-ping:421060 ] - [ INFO ]  totalMemory :  243 MB
2017-08-15 15:35:11 BaseApp.java 143 [ Actor-ping:421060 ] - [ INFO ]  maxMemory :  3612 MB
2017-08-15 15:35:11 BaseApp.java 144 [ Actor-ping:421060 ] - [ INFO ]  freeMemory  :  214 MB
2017-08-15 15:35:11 BaseApp.java 145 [ Actor-ping:421060 ] - [ INFO ]  usedMemory  :  29 MB
2017-08-15 15:36:11 BaseApp.java 142 [ Actor-ping:481061 ] - [ INFO ]  totalMemory :  243 MB
2017-08-15 15:36:11 BaseApp.java 143 [ Actor-ping:481062 ] - [ INFO ]  maxMemory :  3612 MB
2017-08-15 15:36:11 BaseApp.java 144 [ Actor-ping:481062 ] - [ INFO ]  freeMemory  :  214 MB
2017-08-15 15:36:11 BaseApp.java 145 [ Actor-ping:481062 ] - [ INFO ]  usedMemory  :  29 MB
2017-08-15 15:36:11 BaseApp.java 87 [ Actor-ping:481062 ] - [ INFO ]  database yc_log :total created connection : 20
total free connection : 20
total leased connection : 0

2017-08-15 15:36:11 BaseApp.java 82 [ Actor-ping:481063 ] - [ INFO ]  Actor-ping=2
Actor-Dispatcher-log_save-0=0|Actor-Dispatcher-log_save-1=0|Actor-Dispatcher-log_save-2=0|Actor-Dispatcher-log_save-3=0|Actor-Dispatcher-log_save-4=0|Actor-Dispatcher-log_save-5=0|Actor-Dispatcher-log_save-6=0|Actor-Dispatcher-log_save-7=0|Actor-Dispatcher-log_save-8=0|Actor-Dispatcher-log_save-9=0|Actor-Dispatcher-log_save-10=0|Actor-Dispatcher-log_save-11=0|Actor-Dispatcher-log_save-12=0|Actor-Dispatcher-log_save-13=0|Actor-Dispatcher-log_save-14=0|Actor-Dispatcher-log_save-15=0|

2017-08-15 15:37:11 BaseApp.java 142 [ Actor-ping:541060 ] - [ INFO ]  totalMemory :  243 MB
2017-08-15 15:37:11 BaseApp.java 143 [ Actor-ping:541060 ] - [ INFO ]  maxMemory :  3612 MB
2017-08-15 15:37:11 BaseApp.java 144 [ Actor-ping:541061 ] - [ INFO ]  freeMemory  :  214 MB
2017-08-15 15:37:11 BaseApp.java 145 [ Actor-ping:541061 ] - [ INFO ]  usedMemory  :  29 MB
2017-08-15 15:38:11 BaseApp.java 142 [ Actor-ping:601061 ] - [ INFO ]  totalMemory :  243 MB
2017-08-15 15:38:11 BaseApp.java 143 [ Actor-ping:601061 ] - [ INFO ]  maxMemory :  3612 MB
2017-08-15 15:38:11 BaseApp.java 144 [ Actor-ping:601061 ] - [ INFO ]  freeMemory  :  214 MB
2017-08-15 15:38:11 BaseApp.java 145 [ Actor-ping:601061 ] - [ INFO ]  usedMemory  :  29 MB
2017-08-15 15:38:11 BaseApp.java 87 [ Actor-ping:601062 ] - [ INFO ]  database yc_log :total created connection : 20
total free connection : 20
total leased connection : 0

2017-08-15 15:38:11 BaseApp.java 82 [ Actor-ping:601062 ] - [ INFO ]  Actor-ping=2
Actor-Dispatcher-log_save-0=0|Actor-Dispatcher-log_save-1=0|Actor-Dispatcher-log_save-2=0|Actor-Dispatcher-log_save-3=0|Actor-Dispatcher-log_save-4=0|Actor-Dispatcher-log_save-5=0|Actor-Dispatcher-log_save-6=0|Actor-Dispatcher-log_save-7=0|Actor-Dispatcher-log_save-8=0|Actor-Dispatcher-log_save-9=0|Actor-Dispatcher-log_save-10=0|Actor-Dispatcher-log_save-11=0|Actor-Dispatcher-log_save-12=0|Actor-Dispatcher-log_save-13=0|Actor-Dispatcher-log_save-14=0|Actor-Dispatcher-log_save-15=0|

2017-08-15 15:39:11 BaseApp.java 142 [ Actor-ping:661062 ] - [ INFO ]  totalMemory :  243 MB
2017-08-15 15:39:11 BaseApp.java 143 [ Actor-ping:661062 ] - [ INFO ]  maxMemory :  3612 MB
2017-08-15 15:39:11 BaseApp.java 144 [ Actor-ping:661062 ] - [ INFO ]  freeMemory  :  214 MB
2017-08-15 15:39:11 BaseApp.java 145 [ Actor-ping:661062 ] - [ INFO ]  usedMemory  :  29 MB
2017-08-15 15:40:11 BaseApp.java 142 [ Actor-ping:721060 ] - [ INFO ]  totalMemory :  243 MB
2017-08-15 15:40:11 BaseApp.java 143 [ Actor-ping:721061 ] - [ INFO ]  maxMemory :  3612 MB
2017-08-15 15:40:11 BaseApp.java 144 [ Actor-ping:721061 ] - [ INFO ]  freeMemory  :  214 MB
2017-08-15 15:40:11 BaseApp.java 145 [ Actor-ping:721061 ] - [ INFO ]  usedMemory  :  29 MB
2017-08-15 15:40:11 BaseApp.java 87 [ Actor-ping:721062 ] - [ INFO ]  database yc_log :total created connection : 20
total free connection : 20
total leased connection : 0

2017-08-15 15:40:11 BaseApp.java 82 [ Actor-ping:721062 ] - [ INFO ]  Actor-ping=2
Actor-Dispatcher-log_save-0=0|Actor-Dispatcher-log_save-1=0|Actor-Dispatcher-log_save-2=0|Actor-Dispatcher-log_save-3=0|Actor-Dispatcher-log_save-4=0|Actor-Dispatcher-log_save-5=0|Actor-Dispatcher-log_save-6=0|Actor-Dispatcher-log_save-7=0|Actor-Dispatcher-log_save-8=0|Actor-Dispatcher-log_save-9=0|Actor-Dispatcher-log_save-10=0|Actor-Dispatcher-log_save-11=0|Actor-Dispatcher-log_save-12=0|Actor-Dispatcher-log_save-13=0|Actor-Dispatcher-log_save-14=0|Actor-Dispatcher-log_save-15=0|

2017-08-15 15:41:11 BaseApp.java 142 [ Actor-ping:781060 ] - [ INFO ]  totalMemory :  243 MB
2017-08-15 15:41:11 BaseApp.java 143 [ Actor-ping:781061 ] - [ INFO ]  maxMemory :  3612 MB
2017-08-15 15:41:11 BaseApp.java 144 [ Actor-ping:781061 ] - [ INFO ]  freeMemory  :  214 MB
2017-08-15 15:41:11 BaseApp.java 145 [ Actor-ping:781061 ] - [ INFO ]  usedMemory  :  29 MB
2017-08-15 15:42:11 BaseApp.java 142 [ Actor-ping:841061 ] - [ INFO ]  totalMemory :  243 MB
2017-08-15 15:42:11 BaseApp.java 143 [ Actor-ping:841061 ] - [ INFO ]  maxMemory :  3612 MB
2017-08-15 15:42:11 BaseApp.java 144 [ Actor-ping:841061 ] - [ INFO ]  freeMemory  :  214 MB
2017-08-15 15:42:11 BaseApp.java 145 [ Actor-ping:841061 ] - [ INFO ]  usedMemory  :  29 MB
2017-08-15 15:42:11 BaseApp.java 87 [ Actor-ping:841062 ] - [ INFO ]  database yc_log :total created connection : 20
total free connection : 20
total leased connection : 0

2017-08-15 15:42:11 BaseApp.java 82 [ Actor-ping:841062 ] - [ INFO ]  Actor-ping=2
Actor-Dispatcher-log_save-0=0|Actor-Dispatcher-log_save-1=0|Actor-Dispatcher-log_save-2=0|Actor-Dispatcher-log_save-3=0|Actor-Dispatcher-log_save-4=0|Actor-Dispatcher-log_save-5=0|Actor-Dispatcher-log_save-6=0|Actor-Dispatcher-log_save-7=0|Actor-Dispatcher-log_save-8=0|Actor-Dispatcher-log_save-9=0|Actor-Dispatcher-log_save-10=0|Actor-Dispatcher-log_save-11=0|Actor-Dispatcher-log_save-12=0|Actor-Dispatcher-log_save-13=0|Actor-Dispatcher-log_save-14=0|Actor-Dispatcher-log_save-15=0|

2017-08-15 15:42:25 ClientHandler.java 47 [ nioEventLoopGroup-2-1:855846 ] - [ ERROR ]   error : {}
java.io.IOException: 远程主机强迫关闭了一个现有的连接。
	at sun.nio.ch.SocketDispatcher.read0(Native Method)
	at sun.nio.ch.SocketDispatcher.read(SocketDispatcher.java:43)
	at sun.nio.ch.IOUtil.readIntoNativeBuffer(IOUtil.java:223)
	at sun.nio.ch.IOUtil.read(IOUtil.java:192)
	at sun.nio.ch.SocketChannelImpl.read(SocketChannelImpl.java:380)
	at io.netty.buffer.UnpooledUnsafeDirectByteBuf.setBytes(UnpooledUnsafeDirectByteBuf.java:357)
	at io.netty.buffer.AbstractByteBuf.writeBytes(AbstractByteBuf.java:898)
	at io.netty.channel.socket.nio.NioSocketChannel.doReadBytes(NioSocketChannel.java:242)
	at io.netty.channel.nio.AbstractNioByteChannel$NioByteUnsafe.read(AbstractNioByteChannel.java:119)
	at io.netty.channel.nio.NioEventLoop.processSelectedKey(NioEventLoop.java:511)
	at io.netty.channel.nio.NioEventLoop.processSelectedKeysOptimized(NioEventLoop.java:468)
	at io.netty.channel.nio.NioEventLoop.processSelectedKeys(NioEventLoop.java:382)
	at io.netty.channel.nio.NioEventLoop.run(NioEventLoop.java:354)
	at io.netty.util.concurrent.SingleThreadEventExecutor$2.run(SingleThreadEventExecutor.java:112)
	at io.netty.util.concurrent.DefaultThreadFactory$DefaultRunnableDecorator.run(DefaultThreadFactory.java:137)
	at java.lang.Thread.run(Thread.java:745)
2017-08-15 15:42:25 ClientHandler.java 32 [ nioEventLoopGroup-2-1:855854 ] - [ INFO ]   channel in active 
2017-08-15 15:42:25 NetClient.java 110 [ nioEventLoopGroup-2-1:855854 ] - [ ERROR ]  LOG,serverId=1与center连接断开,5秒后准备重连.
2017-08-15 15:42:31 NetClient.java 166 [ nioEventLoopGroup-2-2:861931 ] - [ INFO ]   connect to the server un success and reconnect 5 sec later 
