2017-09-06 17:58:25 LoginServer.java 96 [ main:952 ] - [ INFO ]  加载 包对应平台{}
2017-09-06 17:58:25 LoginServer.java 97 [ main:956 ] - [ INFO ]  加载 包对应渠道{}
2017-09-06 17:58:25 LoginServer.java 115 [ main:967 ] - [ INFO ]  加载 全局开关状态{}
2017-09-06 17:58:25 LoginServer.java 116 [ main:968 ] - [ INFO ]  加载 共享地区名:
2017-09-06 17:58:25 LoginServer.java 130 [ main:979 ] - [ INFO ]  加载 区域维护状态{}
2017-09-06 17:58:25 Log.java 192 [ main:1026 ] - [ INFO ]  Logging initialized @1524ms
2017-09-06 17:58:25 Server.java 346 [ main:1079 ] - [ INFO ]  jetty-9.3.14.v20161028
2017-09-06 17:58:25 AbstractConnector.java 278 [ main:1121 ] - [ INFO ]  Started ServerConnector@1040be71{HTTP/1.1,[http/1.1]}{0.0.0.0:9098}
2017-09-06 17:58:25 Server.java 414 [ main:1122 ] - [ INFO ]  Started @1620ms
2017-09-06 17:58:26 NetClient.java 166 [ nioEventLoopGroup-2-1:1322 ] - [ INFO ]   connect to the server un success and reconnect 5 sec later 
2017-09-06 17:58:32 NetClient.java 166 [ nioEventLoopGroup-2-2:7326 ] - [ INFO ]   connect to the server un success and reconnect 5 sec later 
2017-09-06 17:58:38 NetClient.java 166 [ nioEventLoopGroup-2-3:13329 ] - [ INFO ]   connect to the server un success and reconnect 5 sec later 
2017-09-06 17:58:44 NetClient.java 166 [ nioEventLoopGroup-2-4:19333 ] - [ INFO ]   connect to the server un success and reconnect 5 sec later 
2017-09-06 17:58:50 NetClient.java 166 [ nioEventLoopGroup-2-5:25341 ] - [ INFO ]   connect to the server un success and reconnect 5 sec later 
2017-09-06 17:59:03 NetClient.java 96 [ nioEventLoopGroup-2-1:512 ] - [ INFO ]  receive the callback message and the result is 1 , connectServerStartTime 2017-09-06 17:58:59
2017-09-06 17:59:04 LoginServer.java 96 [ main:949 ] - [ INFO ]  加载 包对应平台{}
2017-09-06 17:59:04 LoginServer.java 97 [ main:949 ] - [ INFO ]  加载 包对应渠道{}
2017-09-06 17:59:04 LoginServer.java 115 [ main:951 ] - [ INFO ]  加载 全局开关状态{}
2017-09-06 17:59:04 LoginServer.java 116 [ main:951 ] - [ INFO ]  加载 共享地区名:
2017-09-06 17:59:04 LoginServer.java 130 [ main:953 ] - [ INFO ]  加载 区域维护状态{}
2017-09-06 17:59:04 Log.java 192 [ main:999 ] - [ INFO ]  Logging initialized @1533ms
2017-09-06 17:59:04 Server.java 346 [ main:1052 ] - [ INFO ]  jetty-9.3.14.v20161028
2017-09-06 17:59:04 AbstractConnector.java 278 [ main:1112 ] - [ INFO ]  Started ServerConnector@76494737{HTTP/1.1,[http/1.1]}{0.0.0.0:9098}
2017-09-06 17:59:04 Server.java 414 [ main:1112 ] - [ INFO ]  Started @1645ms
2017-09-06 18:00:04 BaseApp.java 142 [ Actor-ping:61126 ] - [ INFO ]  totalMemory :  243 MB
2017-09-06 18:00:04 BaseApp.java 143 [ Actor-ping:61126 ] - [ INFO ]  maxMemory :  3612 MB
2017-09-06 18:00:04 BaseApp.java 144 [ Actor-ping:61127 ] - [ INFO ]  freeMemory  :  209 MB
2017-09-06 18:00:04 BaseApp.java 145 [ Actor-ping:61127 ] - [ INFO ]  usedMemory  :  34 MB
